{"/azp/_work/1/app/ui.frontend/src/main/webpack/components/AEM/_helloworld.js": {"path":"/azp/_work/1/app/ui.frontend/src/main/webpack/components/AEM/_helloworld.js","statementMap":{"0":{"start":{"line":4,"column":0},"end":{"line":86,"column":5}},"1":{"start":{"line":11,"column":20},"end":{"line":15,"column":6}},"2":{"start":{"line":23,"column":12},"end":{"line":23,"column":58}},"3":{"start":{"line":25,"column":27},"end":{"line":25,"column":78}},"4":{"start":{"line":26,"column":12},"end":{"line":26,"column":77}},"5":{"start":{"line":28,"column":24},"end":{"line":28,"column":74}},"6":{"start":{"line":29,"column":12},"end":{"line":29,"column":68}},"7":{"start":{"line":31,"column":12},"end":{"line":37,"column":null}},"8":{"start":{"line":32,"column":16},"end":{"line":36,"column":18}},"9":{"start":{"line":40,"column":8},"end":{"line":42,"column":null}},"10":{"start":{"line":41,"column":12},"end":{"line":41,"column":25}},"11":{"start":{"line":49,"column":23},"end":{"line":49,"column":64}},"12":{"start":{"line":50,"column":8},"end":{"line":52,"column":null}},"13":{"start":{"line":50,"column":21},"end":{"line":50,"column":22}},"14":{"start":{"line":51,"column":12},"end":{"line":51,"column":53}},"15":{"start":{"line":54,"column":31},"end":{"line":54,"column":117}},"16":{"start":{"line":55,"column":31},"end":{"line":55,"column":61}},"17":{"start":{"line":56,"column":31},"end":{"line":71,"column":10}},"18":{"start":{"line":57,"column":12},"end":{"line":70,"column":15}},"19":{"start":{"line":59,"column":33},"end":{"line":59,"column":67}},"20":{"start":{"line":60,"column":16},"end":{"line":69,"column":null}},"21":{"start":{"line":61,"column":20},"end":{"line":68,"column":23}},"22":{"start":{"line":62,"column":24},"end":{"line":67,"column":null}},"23":{"start":{"line":63,"column":48},"end":{"line":63,"column":105}},"24":{"start":{"line":64,"column":28},"end":{"line":66,"column":31}},"25":{"start":{"line":65,"column":32},"end":{"line":65,"column":69}},"26":{"start":{"line":73,"column":8},"end":{"line":77,"column":11}},"27":{"start":{"line":80,"column":4},"end":{"line":84,"column":null}},"28":{"start":{"line":81,"column":8},"end":{"line":81,"column":26}},"29":{"start":{"line":83,"column":8},"end":{"line":83,"column":71}}},"fnMap":{"0":{"name":"(anonymous_0)","decl":{"start":{"line":4,"column":1},"end":{"line":4,"column":null}},"loc":{"start":{"line":4,"column":1},"end":{"line":86,"column":1}}},"1":{"name":"HelloWorld","decl":{"start":{"line":17,"column":13},"end":{"line":17,"column":23}},"loc":{"start":{"line":17,"column":30},"end":{"line":43,"column":5}}},"2":{"name":"init","decl":{"start":{"line":19,"column":17},"end":{"line":19,"column":21}},"loc":{"start":{"line":19,"column":28},"end":{"line":38,"column":9}}},"3":{"name":"onDocumentReady","decl":{"start":{"line":48,"column":13},"end":{"line":48,"column":28}},"loc":{"start":{"line":48,"column":28},"end":{"line":78,"column":5}}},"4":{"name":"(anonymous_4)","decl":{"start":{"line":56,"column":52},"end":{"line":56,"column":61}},"loc":{"start":{"line":56,"column":70},"end":{"line":71,"column":9}}},"5":{"name":"(anonymous_5)","decl":{"start":{"line":57,"column":30},"end":{"line":57,"column":39}},"loc":{"start":{"line":57,"column":47},"end":{"line":70,"column":13}}},"6":{"name":"(anonymous_6)","decl":{"start":{"line":61,"column":39},"end":{"line":61,"column":48}},"loc":{"start":{"line":61,"column":57},"end":{"line":68,"column":21}}},"7":{"name":"(anonymous_7)","decl":{"start":{"line":64,"column":50},"end":{"line":64,"column":59}},"loc":{"start":{"line":64,"column":66},"end":{"line":66,"column":29}}}},"branchMap":{"0":{"loc":{"start":{"line":26,"column":23},"end":{"line":26,"column":76}},"type":"cond-expr","locations":[{"start":{"line":26,"column":46},"end":{"line":26,"column":69}},{"start":{"line":26,"column":72},"end":{"line":26,"column":76}}]},"1":{"loc":{"start":{"line":29,"column":20},"end":{"line":29,"column":67}},"type":"cond-expr","locations":[{"start":{"line":29,"column":40},"end":{"line":29,"column":60}},{"start":{"line":29,"column":63},"end":{"line":29,"column":67}}]},"2":{"loc":{"start":{"line":31,"column":12},"end":{"line":37,"column":null}},"type":"if","locations":[{"start":{"line":31,"column":12},"end":{"line":37,"column":null}}]},"3":{"loc":{"start":{"line":31,"column":16},"end":{"line":31,"column":38}},"type":"binary-expr","locations":[{"start":{"line":31,"column":16},"end":{"line":31,"column":23}},{"start":{"line":31,"column":27},"end":{"line":31,"column":38}}]},"4":{"loc":{"start":{"line":40,"column":8},"end":{"line":42,"column":null}},"type":"if","locations":[{"start":{"line":40,"column":8},"end":{"line":42,"column":null}}]},"5":{"loc":{"start":{"line":40,"column":12},"end":{"line":40,"column":36}},"type":"binary-expr","locations":[{"start":{"line":40,"column":12},"end":{"line":40,"column":18}},{"start":{"line":40,"column":22},"end":{"line":40,"column":36}}]},"6":{"loc":{"start":{"line":54,"column":31},"end":{"line":54,"column":117}},"type":"binary-expr","locations":[{"start":{"line":54,"column":31},"end":{"line":54,"column":54}},{"start":{"line":54,"column":58},"end":{"line":54,"column":87}},{"start":{"line":54,"column":91},"end":{"line":54,"column":117}}]},"7":{"loc":{"start":{"line":60,"column":16},"end":{"line":69,"column":null}},"type":"if","locations":[{"start":{"line":60,"column":16},"end":{"line":69,"column":null}}]},"8":{"loc":{"start":{"line":62,"column":24},"end":{"line":67,"column":null}},"type":"if","locations":[{"start":{"line":62,"column":24},"end":{"line":67,"column":null}}]},"9":{"loc":{"start":{"line":80,"column":4},"end":{"line":84,"column":null}},"type":"if","locations":[{"start":{"line":80,"column":4},"end":{"line":84,"column":null}},{"start":{"line":82,"column":11},"end":{"line":84,"column":null}}]}},"s":{"0":0,"1":0,"2":0,"3":0,"4":0,"5":0,"6":0,"7":0,"8":0,"9":0,"10":0,"11":0,"12":0,"13":0,"14":0,"15":0,"16":0,"17":0,"18":0,"19":0,"20":0,"21":0,"22":0,"23":0,"24":0,"25":0,"26":0,"27":0,"28":0,"29":0},"f":{"0":0,"1":0,"2":0,"3":0,"4":0,"5":0,"6":0,"7":0},"b":{"0":[0,0],"1":[0,0],"2":[0],"3":[0,0],"4":[0],"5":[0,0],"6":[0,0,0],"7":[0],"8":[0],"9":[0,0]}}
,"/azp/_work/1/app/ui.frontend/src/main/webpack/components/AEM/breadcrumb/breadcrumb.ts": {"path":"/azp/_work/1/app/ui.frontend/src/main/webpack/components/AEM/breadcrumb/breadcrumb.ts","statementMap":{"0":{"start":{"line":1,"column":0},"end":{"line":1,"column":27}}},"fnMap":{},"branchMap":{},"s":{"0":0},"f":{},"b":{}}
,"/azp/_work/1/app/ui.frontend/src/main/webpack/components/PAN/Section/Cards/Card-Carrossel-CardCentral/Card-Carrossel-CardCentral.ts": {"path":"/azp/_work/1/app/ui.frontend/src/main/webpack/components/PAN/Section/Cards/Card-Carrossel-CardCentral/Card-Carrossel-CardCentral.ts","statementMap":{"0":{"start":{"line":1,"column":0},"end":{"line":1,"column":43}},"1":{"start":{"line":2,"column":0},"end":{"line":2,"column":56}},"2":{"start":{"line":3,"column":0},"end":{"line":3,"column":38}},"3":{"start":{"line":5,"column":0},"end":{"line":32,"column":5}},"4":{"start":{"line":6,"column":2},"end":{"line":31,"column":5}},"5":{"start":{"line":7,"column":4},"end":{"line":7,"column":92}},"6":{"start":{"line":8,"column":4},"end":{"line":8,"column":111}},"7":{"start":{"line":9,"column":4},"end":{"line":9,"column":110}},"8":{"start":{"line":10,"column":4},"end":{"line":10,"column":110}},"9":{"start":{"line":12,"column":4},"end":{"line":30,"column":7}}},"fnMap":{"0":{"name":"(anonymous_0)","decl":{"start":{"line":5,"column":1},"end":{"line":5,"column":null}},"loc":{"start":{"line":5,"column":1},"end":{"line":32,"column":1}}},"1":{"name":"(anonymous_1)","decl":{"start":{"line":6,"column":70},"end":{"line":6,"column":71}},"loc":{"start":{"line":6,"column":96},"end":{"line":31,"column":3}}}},"branchMap":{},"s":{"0":4,"1":4,"2":4,"3":4,"4":4,"5":0,"6":0,"7":0,"8":0,"9":0},"f":{"0":4,"1":0},"b":{}}
,"/azp/_work/1/app/ui.frontend/src/main/webpack/components/PAN/Section/Cards/Card-Carrossel-CardLateral/Card-Carrossel-CardLateral.ts": {"path":"/azp/_work/1/app/ui.frontend/src/main/webpack/components/PAN/Section/Cards/Card-Carrossel-CardLateral/Card-Carrossel-CardLateral.ts","statementMap":{"0":{"start":{"line":1,"column":0},"end":{"line":1,"column":43}},"1":{"start":{"line":2,"column":0},"end":{"line":2,"column":56}},"2":{"start":{"line":3,"column":0},"end":{"line":3,"column":38}},"3":{"start":{"line":5,"column":0},"end":{"line":32,"column":5}},"4":{"start":{"line":6,"column":2},"end":{"line":31,"column":5}},"5":{"start":{"line":7,"column":4},"end":{"line":7,"column":92}},"6":{"start":{"line":8,"column":4},"end":{"line":8,"column":111}},"7":{"start":{"line":9,"column":4},"end":{"line":9,"column":110}},"8":{"start":{"line":10,"column":4},"end":{"line":10,"column":110}},"9":{"start":{"line":12,"column":4},"end":{"line":30,"column":7}}},"fnMap":{"0":{"name":"(anonymous_0)","decl":{"start":{"line":5,"column":1},"end":{"line":5,"column":null}},"loc":{"start":{"line":5,"column":1},"end":{"line":32,"column":1}}},"1":{"name":"(anonymous_1)","decl":{"start":{"line":6,"column":70},"end":{"line":6,"column":71}},"loc":{"start":{"line":6,"column":96},"end":{"line":31,"column":3}}}},"branchMap":{},"s":{"0":5,"1":5,"2":5,"3":5,"4":5,"5":0,"6":0,"7":0,"8":0,"9":0},"f":{"0":5,"1":0},"b":{}}
,"/azp/_work/1/app/ui.frontend/src/main/webpack/components/PAN/Section/Cards/Card-Carrossel-CardMosaico-Imagem/Card-Carrossel-CardMosaico-Imagem.ts": {"path":"/azp/_work/1/app/ui.frontend/src/main/webpack/components/PAN/Section/Cards/Card-Carrossel-CardMosaico-Imagem/Card-Carrossel-CardMosaico-Imagem.ts","statementMap":{"0":{"start":{"line":1,"column":0},"end":{"line":1,"column":50}},"1":{"start":{"line":2,"column":0},"end":{"line":2,"column":56}},"2":{"start":{"line":3,"column":0},"end":{"line":3,"column":38}},"3":{"start":{"line":5,"column":0},"end":{"line":5,"column":null}},"4":{"start":{"line":7,"column":4},"end":{"line":22,"column":7}},"5":{"start":{"line":24,"column":0},"end":{"line":24,"column":null}}},"fnMap":{"0":{"name":"(anonymous_0)","decl":{"start":{"line":5,"column":0},"end":{"line":5,"column":null}},"loc":{"start":{"line":5,"column":0},"end":{"line":24,"column":null}}},"1":{"name":"CardCarrosselCardMosaicoImagem","decl":{"start":{"line":6,"column":2},"end":{"line":6,"column":null}},"loc":{"start":{"line":6,"column":2},"end":{"line":23,"column":3}}}},"branchMap":{},"s":{"0":1,"1":1,"2":1,"3":1,"4":0,"5":1},"f":{"0":1,"1":0},"b":{}}
,"/azp/_work/1/app/ui.frontend/src/main/webpack/components/PAN/Section/Cards/Card-Carrossel-CardVertical/Card-Carrossel-CardVertical.ts": {"path":"/azp/_work/1/app/ui.frontend/src/main/webpack/components/PAN/Section/Cards/Card-Carrossel-CardVertical/Card-Carrossel-CardVertical.ts","statementMap":{"0":{"start":{"line":1,"column":0},"end":{"line":1,"column":44}},"1":{"start":{"line":2,"column":0},"end":{"line":2,"column":56}},"2":{"start":{"line":3,"column":0},"end":{"line":3,"column":38}},"3":{"start":{"line":5,"column":0},"end":{"line":40,"column":5}},"4":{"start":{"line":6,"column":4},"end":{"line":39,"column":7}},"5":{"start":{"line":7,"column":8},"end":{"line":7,"column":102}},"6":{"start":{"line":8,"column":8},"end":{"line":8,"column":132}},"7":{"start":{"line":9,"column":8},"end":{"line":9,"column":139}},"8":{"start":{"line":10,"column":8},"end":{"line":10,"column":139}},"9":{"start":{"line":12,"column":8},"end":{"line":38,"column":11}}},"fnMap":{"0":{"name":"(anonymous_0)","decl":{"start":{"line":5,"column":1},"end":{"line":5,"column":null}},"loc":{"start":{"line":5,"column":1},"end":{"line":40,"column":1}}},"1":{"name":"(anonymous_1)","decl":{"start":{"line":6,"column":72},"end":{"line":6,"column":73}},"loc":{"start":{"line":6,"column":98},"end":{"line":39,"column":5}}}},"branchMap":{},"s":{"0":5,"1":5,"2":5,"3":5,"4":5,"5":0,"6":0,"7":0,"8":0,"9":0},"f":{"0":5,"1":0},"b":{}}
,"/azp/_work/1/app/ui.frontend/src/main/webpack/components/PAN/Section/Cards/Card-Carrossel-Imagem-CardsDireita/Card-Carrossel-Imagem-CardsDireita.ts": {"path":"/azp/_work/1/app/ui.frontend/src/main/webpack/components/PAN/Section/Cards/Card-Carrossel-Imagem-CardsDireita/Card-Carrossel-Imagem-CardsDireita.ts","statementMap":{"0":{"start":{"line":1,"column":0},"end":{"line":1,"column":51}},"1":{"start":{"line":2,"column":0},"end":{"line":2,"column":54}},"2":{"start":{"line":3,"column":0},"end":{"line":3,"column":38}},"3":{"start":{"line":5,"column":0},"end":{"line":5,"column":null}},"4":{"start":{"line":7,"column":8},"end":{"line":42,"column":11}},"5":{"start":{"line":44,"column":0},"end":{"line":44,"column":null}}},"fnMap":{"0":{"name":"(anonymous_0)","decl":{"start":{"line":5,"column":0},"end":{"line":5,"column":null}},"loc":{"start":{"line":5,"column":0},"end":{"line":44,"column":null}}},"1":{"name":"CardsDireita","decl":{"start":{"line":6,"column":4},"end":{"line":6,"column":null}},"loc":{"start":{"line":6,"column":4},"end":{"line":43,"column":5}}}},"branchMap":{},"s":{"0":5,"1":5,"2":5,"3":5,"4":0,"5":5},"f":{"0":5,"1":0},"b":{}}
,"/azp/_work/1/app/ui.frontend/src/main/webpack/components/PAN/Section/Cards/Card-ComparativoCartoes-CardInfo/Card-ComparativoCartoes-CardInfo.ts": {"path":"/azp/_work/1/app/ui.frontend/src/main/webpack/components/PAN/Section/Cards/Card-ComparativoCartoes-CardInfo/Card-ComparativoCartoes-CardInfo.ts","statementMap":{"0":{"start":{"line":1,"column":0},"end":{"line":1,"column":49}},"1":{"start":{"line":2,"column":0},"end":{"line":2,"column":56}},"2":{"start":{"line":3,"column":0},"end":{"line":3,"column":38}},"3":{"start":{"line":5,"column":0},"end":{"line":5,"column":null}},"4":{"start":{"line":7,"column":8},"end":{"line":23,"column":11}},"5":{"start":{"line":25,"column":0},"end":{"line":25,"column":null}}},"fnMap":{"0":{"name":"(anonymous_0)","decl":{"start":{"line":5,"column":0},"end":{"line":5,"column":null}},"loc":{"start":{"line":5,"column":0},"end":{"line":25,"column":null}}},"1":{"name":"CardComparativoCartoesCardInfo","decl":{"start":{"line":6,"column":4},"end":{"line":6,"column":null}},"loc":{"start":{"line":6,"column":4},"end":{"line":24,"column":5}}}},"branchMap":{},"s":{"0":4,"1":4,"2":4,"3":4,"4":0,"5":4},"f":{"0":4,"1":0},"b":{}}
,"/azp/_work/1/app/ui.frontend/src/main/webpack/components/PAN/Section/Cards/Card-Estatico-2-Cards-ConteudoBlog/Card-Estatico-2-Cards-ConteudoBlog.ts": {"path":"/azp/_work/1/app/ui.frontend/src/main/webpack/components/PAN/Section/Cards/Card-Estatico-2-Cards-ConteudoBlog/Card-Estatico-2-Cards-ConteudoBlog.ts","statementMap":{"0":{"start":{"line":1,"column":0},"end":{"line":1,"column":51}}},"fnMap":{},"branchMap":{},"s":{"0":0},"f":{},"b":{}}
,"/azp/_work/1/app/ui.frontend/src/main/webpack/components/PAN/Section/Cards/Card-Estatico-2-CardsConteudo/Card-Estatico-2-CardsConteudo.ts": {"path":"/azp/_work/1/app/ui.frontend/src/main/webpack/components/PAN/Section/Cards/Card-Estatico-2-CardsConteudo/Card-Estatico-2-CardsConteudo.ts","statementMap":{"0":{"start":{"line":1,"column":0},"end":{"line":1,"column":46}}},"fnMap":{},"branchMap":{},"s":{"0":0},"f":{},"b":{}}
,"/azp/_work/1/app/ui.frontend/src/main/webpack/components/PAN/Section/Cards/Card-Estatico-2-CardsProduto/Card-Estatico-2-CardsProduto.ts": {"path":"/azp/_work/1/app/ui.frontend/src/main/webpack/components/PAN/Section/Cards/Card-Estatico-2-CardsProduto/Card-Estatico-2-CardsProduto.ts","statementMap":{"0":{"start":{"line":1,"column":0},"end":{"line":1,"column":45}}},"fnMap":{},"branchMap":{},"s":{"0":0},"f":{},"b":{}}
,"/azp/_work/1/app/ui.frontend/src/main/webpack/components/PAN/Section/Cards/Card-Estatico-2Cards-Info-DS/Card-Estatico-2Cards-Info-DS.ts": {"path":"/azp/_work/1/app/ui.frontend/src/main/webpack/components/PAN/Section/Cards/Card-Estatico-2Cards-Info-DS/Card-Estatico-2Cards-Info-DS.ts","statementMap":{"0":{"start":{"line":1,"column":0},"end":{"line":1,"column":45}}},"fnMap":{},"branchMap":{},"s":{"0":0},"f":{},"b":{}}
,"/azp/_work/1/app/ui.frontend/src/main/webpack/components/PAN/Section/Cards/Card-Estatico-CardAgrupado/Card-Estatico-CardAgrupado.ts": {"path":"/azp/_work/1/app/ui.frontend/src/main/webpack/components/PAN/Section/Cards/Card-Estatico-CardAgrupado/Card-Estatico-CardAgrupado.ts","statementMap":{"0":{"start":{"line":1,"column":0},"end":{"line":1,"column":43}}},"fnMap":{},"branchMap":{},"s":{"0":0},"f":{},"b":{}}
,"/azp/_work/1/app/ui.frontend/src/main/webpack/components/PAN/Section/Cards/Card-Estatico-CardCentral/Card-Estatico.CardCentral.ts": {"path":"/azp/_work/1/app/ui.frontend/src/main/webpack/components/PAN/Section/Cards/Card-Estatico-CardCentral/Card-Estatico.CardCentral.ts","statementMap":{"0":{"start":{"line":1,"column":0},"end":{"line":1,"column":42}}},"fnMap":{},"branchMap":{},"s":{"0":0},"f":{},"b":{}}
,"/azp/_work/1/app/ui.frontend/src/main/webpack/components/PAN/Section/Cards/Card-Estatico-CardImagemInteira/Card-Estatico-Card.ImagemInteira.ts": {"path":"/azp/_work/1/app/ui.frontend/src/main/webpack/components/PAN/Section/Cards/Card-Estatico-CardImagemInteira/Card-Estatico-Card.ImagemInteira.ts","statementMap":{"0":{"start":{"line":1,"column":0},"end":{"line":1,"column":49}}},"fnMap":{},"branchMap":{},"s":{"0":0},"f":{},"b":{}}
,"/azp/_work/1/app/ui.frontend/src/main/webpack/components/PAN/Section/Cards/Card-Estatico-CardMisto/Card-Estatico-CardMisto.ts": {"path":"/azp/_work/1/app/ui.frontend/src/main/webpack/components/PAN/Section/Cards/Card-Estatico-CardMisto/Card-Estatico-CardMisto.ts","statementMap":{"0":{"start":{"line":1,"column":0},"end":{"line":1,"column":40}}},"fnMap":{},"branchMap":{},"s":{"0":0},"f":{},"b":{}}
,"/azp/_work/1/app/ui.frontend/src/main/webpack/components/PAN/Section/Cards/Card-Estatico-ComparativoCartoes/Card-Estatico-ComparativoCartoes.ts": {"path":"/azp/_work/1/app/ui.frontend/src/main/webpack/components/PAN/Section/Cards/Card-Estatico-ComparativoCartoes/Card-Estatico-ComparativoCartoes.ts","statementMap":{"0":{"start":{"line":1,"column":0},"end":{"line":1,"column":49}},"1":{"start":{"line":2,"column":0},"end":{"line":2,"column":42}},"2":{"start":{"line":3,"column":0},"end":{"line":3,"column":38}},"3":{"start":{"line":5,"column":0},"end":{"line":5,"column":null}},"4":{"start":{"line":7,"column":8},"end":{"line":22,"column":null}},"5":{"start":{"line":8,"column":12},"end":{"line":21,"column":15}},"6":{"start":{"line":24,"column":0},"end":{"line":24,"column":null}}},"fnMap":{"0":{"name":"(anonymous_0)","decl":{"start":{"line":5,"column":0},"end":{"line":5,"column":null}},"loc":{"start":{"line":5,"column":0},"end":{"line":24,"column":null}}},"1":{"name":"CardComparativoCartoes","decl":{"start":{"line":6,"column":4},"end":{"line":6,"column":null}},"loc":{"start":{"line":6,"column":4},"end":{"line":23,"column":5}}}},"branchMap":{"0":{"loc":{"start":{"line":7,"column":8},"end":{"line":22,"column":null}},"type":"if","locations":[{"start":{"line":7,"column":8},"end":{"line":22,"column":null}}]}},"s":{"0":3,"1":3,"2":3,"3":3,"4":0,"5":0,"6":3},"f":{"0":3,"1":0},"b":{"0":[0]}}
,"/azp/_work/1/app/ui.frontend/src/main/webpack/components/PAN/Section/Cards/Card-Estatico-ComparativoCartoes-CardVitrine/Card-Estatico-ComparativoCartoes-CardVitrine.ts": {"path":"/azp/_work/1/app/ui.frontend/src/main/webpack/components/PAN/Section/Cards/Card-Estatico-ComparativoCartoes-CardVitrine/Card-Estatico-ComparativoCartoes-CardVitrine.ts","statementMap":{"0":{"start":{"line":1,"column":0},"end":{"line":1,"column":61}},"1":{"start":{"line":3,"column":0},"end":{"line":3,"column":44}},"2":{"start":{"line":4,"column":0},"end":{"line":4,"column":38}},"3":{"start":{"line":6,"column":0},"end":{"line":6,"column":13}},"4":{"start":{"line":7,"column":4},"end":{"line":7,"column":80}},"5":{"start":{"line":8,"column":4},"end":{"line":8,"column":100}},"6":{"start":{"line":9,"column":4},"end":{"line":9,"column":98}},"7":{"start":{"line":12,"column":8},"end":{"line":31,"column":null}},"8":{"start":{"line":13,"column":12},"end":{"line":30,"column":15}},"9":{"start":{"line":32,"column":8},"end":{"line":32,"column":25}},"10":{"start":{"line":35,"column":4},"end":{"line":46,"column":null}},"11":{"start":{"line":35,"column":4},"end":{"line":35,"column":13}},"12":{"start":{"line":36,"column":8},"end":{"line":40,"column":11}},"13":{"start":{"line":37,"column":12},"end":{"line":39,"column":15}},"14":{"start":{"line":38,"column":16},"end":{"line":38,"column":62}},"15":{"start":{"line":41,"column":8},"end":{"line":45,"column":11}},"16":{"start":{"line":42,"column":12},"end":{"line":44,"column":15}},"17":{"start":{"line":43,"column":16},"end":{"line":43,"column":65}},"18":{"start":{"line":47,"column":0},"end":{"line":47,"column":null}},"19":{"start":{"line":6,"column":13},"end":{"line":6,"column":26}},"20":{"start":{"line":49,"column":0},"end":{"line":49,"column":20}}},"fnMap":{"0":{"name":"(anonymous_0)","decl":{"start":{"line":6,"column":0},"end":{"line":6,"column":13}},"loc":{"start":{"line":6,"column":0},"end":{"line":47,"column":null}}},"1":{"name":"CardVitrineDS","decl":{"start":{"line":11,"column":4},"end":{"line":11,"column":null}},"loc":{"start":{"line":11,"column":4},"end":{"line":33,"column":5}}},"2":{"name":"(anonymous_2)","decl":{"start":{"line":35,"column":4},"end":{"line":35,"column":13}},"loc":{"start":{"line":35,"column":4},"end":{"line":46,"column":5}}},"3":{"name":"(anonymous_3)","decl":{"start":{"line":36,"column":34},"end":{"line":36,"column":35}},"loc":{"start":{"line":36,"column":47},"end":{"line":40,"column":9}}},"4":{"name":"(anonymous_4)","decl":{"start":{"line":37,"column":43},"end":{"line":37,"column":null}},"loc":{"start":{"line":37,"column":43},"end":{"line":39,"column":13}}},"5":{"name":"(anonymous_5)","decl":{"start":{"line":41,"column":33},"end":{"line":41,"column":34}},"loc":{"start":{"line":41,"column":46},"end":{"line":45,"column":9}}},"6":{"name":"(anonymous_6)","decl":{"start":{"line":42,"column":43},"end":{"line":42,"column":null}},"loc":{"start":{"line":42,"column":43},"end":{"line":44,"column":13}}}},"branchMap":{"0":{"loc":{"start":{"line":12,"column":8},"end":{"line":31,"column":null}},"type":"if","locations":[{"start":{"line":12,"column":8},"end":{"line":31,"column":null}}]}},"s":{"0":5,"1":5,"2":5,"3":5,"4":7,"5":7,"6":7,"7":7,"8":7,"9":7,"10":5,"11":7,"12":7,"13":6,"14":1,"15":7,"16":6,"17":1,"18":5,"19":5,"20":5},"f":{"0":5,"1":7,"2":7,"3":6,"4":1,"5":6,"6":1},"b":{"0":[7]}}
,"/azp/_work/1/app/ui.frontend/src/main/webpack/components/PAN/Section/Cards/Card-Estatico-Imagem/Card-Estatico-Imagem.ts": {"path":"/azp/_work/1/app/ui.frontend/src/main/webpack/components/PAN/Section/Cards/Card-Estatico-Imagem/Card-Estatico-Imagem.ts","statementMap":{"0":{"start":{"line":1,"column":0},"end":{"line":1,"column":36}},"1":{"start":{"line":2,"column":0},"end":{"line":2,"column":44}},"2":{"start":{"line":3,"column":0},"end":{"line":3,"column":38}},"3":{"start":{"line":5,"column":0},"end":{"line":30,"column":5}},"4":{"start":{"line":6,"column":4},"end":{"line":29,"column":7}},"5":{"start":{"line":7,"column":8},"end":{"line":7,"column":112}},"6":{"start":{"line":8,"column":8},"end":{"line":8,"column":134}},"7":{"start":{"line":10,"column":8},"end":{"line":28,"column":null}},"8":{"start":{"line":11,"column":12},"end":{"line":25,"column":15}},"9":{"start":{"line":27,"column":12},"end":{"line":27,"column":112}}},"fnMap":{"0":{"name":"(anonymous_0)","decl":{"start":{"line":5,"column":1},"end":{"line":5,"column":null}},"loc":{"start":{"line":5,"column":1},"end":{"line":30,"column":1}}},"1":{"name":"(anonymous_1)","decl":{"start":{"line":6,"column":72},"end":{"line":6,"column":73}},"loc":{"start":{"line":6,"column":104},"end":{"line":29,"column":5}}}},"branchMap":{"0":{"loc":{"start":{"line":10,"column":8},"end":{"line":28,"column":null}},"type":"if","locations":[{"start":{"line":10,"column":8},"end":{"line":28,"column":null}},{"start":{"line":26,"column":15},"end":{"line":28,"column":null}}]}},"s":{"0":0,"1":0,"2":0,"3":0,"4":0,"5":0,"6":0,"7":0,"8":0,"9":0},"f":{"0":0,"1":0},"b":{"0":[0,0]}}
,"/azp/_work/1/app/ui.frontend/src/main/webpack/components/PAN/Section/Cards/Card-Estatico-Imagem-2-Cards/Card-Estatico-Imagem-2-Cards.ts": {"path":"/azp/_work/1/app/ui.frontend/src/main/webpack/components/PAN/Section/Cards/Card-Estatico-Imagem-2-Cards/Card-Estatico-Imagem-2-Cards.ts","statementMap":{"0":{"start":{"line":1,"column":0},"end":{"line":1,"column":45}},"1":{"start":{"line":2,"column":0},"end":{"line":2,"column":28}},"2":{"start":{"line":3,"column":0},"end":{"line":3,"column":38}},"3":{"start":{"line":5,"column":0},"end":{"line":5,"column":21}},"4":{"start":{"line":7,"column":2},"end":{"line":40,"column":null}},"5":{"start":{"line":9,"column":3},"end":{"line":25,"column":6}},"6":{"start":{"line":28,"column":17},"end":{"line":29,"column":null}},"7":{"start":{"line":31,"column":18},"end":{"line":32,"column":null}},"8":{"start":{"line":35,"column":3},"end":{"line":37,"column":6}},"9":{"start":{"line":36,"column":4},"end":{"line":36,"column":91}},"10":{"start":{"line":36,"column":45},"end":{"line":36,"column":90}},"11":{"start":{"line":39,"column":3},"end":{"line":39,"column":46}},"12":{"start":{"line":42,"column":8},"end":{"line":49,"column":3}},"13":{"start":{"line":43,"column":2},"end":{"line":43,"column":70}},"14":{"start":{"line":44,"column":2},"end":{"line":48,"column":5}},"15":{"start":{"line":45,"column":3},"end":{"line":47,"column":null}},"16":{"start":{"line":46,"column":4},"end":{"line":46,"column":53}},"17":{"start":{"line":50,"column":0},"end":{"line":50,"column":null}},"18":{"start":{"line":5,"column":21},"end":{"line":5,"column":null}}},"fnMap":{"0":{"name":"(anonymous_0)","decl":{"start":{"line":5,"column":0},"end":{"line":5,"column":21}},"loc":{"start":{"line":5,"column":0},"end":{"line":5,"column":21}}},"1":{"name":"Imagem2Cards","decl":{"start":{"line":6,"column":4},"end":{"line":6,"column":null}},"loc":{"start":{"line":6,"column":4},"end":{"line":41,"column":5}}},"2":{"name":"(anonymous_2)","decl":{"start":{"line":35,"column":17},"end":{"line":35,"column":18}},"loc":{"start":{"line":35,"column":33},"end":{"line":37,"column":4}}},"3":{"name":"(anonymous_3)","decl":{"start":{"line":36,"column":39},"end":{"line":36,"column":45}},"loc":{"start":{"line":36,"column":39},"end":{"line":36,"column":57}}},"4":{"name":"(anonymous_4)","decl":{"start":{"line":42,"column":23},"end":{"line":42,"column":24}},"loc":{"start":{"line":42,"column":50},"end":{"line":49,"column":2}}},"5":{"name":"(anonymous_5)","decl":{"start":{"line":44,"column":24},"end":{"line":44,"column":25}},"loc":{"start":{"line":44,"column":35},"end":{"line":48,"column":3}}}},"branchMap":{"0":{"loc":{"start":{"line":7,"column":2},"end":{"line":40,"column":null}},"type":"if","locations":[{"start":{"line":7,"column":2},"end":{"line":40,"column":null}},{"start":{"line":26,"column":9},"end":{"line":40,"column":null}}]},"1":{"loc":{"start":{"line":45,"column":3},"end":{"line":47,"column":null}},"type":"if","locations":[{"start":{"line":45,"column":3},"end":{"line":47,"column":null}}]}},"s":{"0":5,"1":5,"2":5,"3":5,"4":0,"5":0,"6":0,"7":0,"8":0,"9":0,"10":0,"11":0,"12":5,"13":1,"14":1,"15":2,"16":1,"17":5,"18":5},"f":{"0":5,"1":0,"2":0,"3":0,"4":1,"5":2},"b":{"0":[0,0],"1":[1]}}
,"/azp/_work/1/app/ui.frontend/src/main/webpack/components/PAN/Section/Cards/Card-Estatico-MosaicoImagem/Card-Estatico-MosaicoImagem.ts": {"path":"/azp/_work/1/app/ui.frontend/src/main/webpack/components/PAN/Section/Cards/Card-Estatico-MosaicoImagem/Card-Estatico-MosaicoImagem.ts","statementMap":{"0":{"start":{"line":1,"column":0},"end":{"line":1,"column":44}}},"fnMap":{},"branchMap":{},"s":{"0":0},"f":{},"b":{}}
,"/azp/_work/1/app/ui.frontend/src/main/webpack/components/PAN/Section/Cards/Card-Estatico-Parceiros/Card-Estatico-Parceiros.ts": {"path":"/azp/_work/1/app/ui.frontend/src/main/webpack/components/PAN/Section/Cards/Card-Estatico-Parceiros/Card-Estatico-Parceiros.ts","statementMap":{"0":{"start":{"line":1,"column":0},"end":{"line":1,"column":40}},"1":{"start":{"line":2,"column":0},"end":{"line":2,"column":28}},"2":{"start":{"line":3,"column":0},"end":{"line":3,"column":38}},"3":{"start":{"line":5,"column":0},"end":{"line":5,"column":null}},"4":{"start":{"line":7,"column":36},"end":{"line":13,"column":10}},"5":{"start":{"line":16,"column":0},"end":{"line":16,"column":null}}},"fnMap":{"0":{"name":"(anonymous_0)","decl":{"start":{"line":5,"column":0},"end":{"line":5,"column":null}},"loc":{"start":{"line":5,"column":0},"end":{"line":16,"column":null}}},"1":{"name":"CardCarrosselParceiros","decl":{"start":{"line":6,"column":4},"end":{"line":6,"column":null}},"loc":{"start":{"line":6,"column":4},"end":{"line":15,"column":5}}}},"branchMap":{},"s":{"0":1,"1":1,"2":1,"3":1,"4":0,"5":1},"f":{"0":1,"1":0},"b":{}}
,"/azp/_work/1/app/ui.frontend/src/main/webpack/components/PAN/Section/Cards/Card-Estatico-Parceiros-Shopping-DS/Card-Estatico-Parceiros-Shopping-DS.ts": {"path":"/azp/_work/1/app/ui.frontend/src/main/webpack/components/PAN/Section/Cards/Card-Estatico-Parceiros-Shopping-DS/Card-Estatico-Parceiros-Shopping-DS.ts","statementMap":{"0":{"start":{"line":1,"column":0},"end":{"line":1,"column":52}},"1":{"start":{"line":2,"column":0},"end":{"line":2,"column":44}},"2":{"start":{"line":3,"column":0},"end":{"line":3,"column":38}},"3":{"start":{"line":5,"column":0},"end":{"line":5,"column":null}},"4":{"start":{"line":8,"column":2},"end":{"line":10,"column":4}},"5":{"start":{"line":11,"column":2},"end":{"line":11,"column":13}},"6":{"start":{"line":12,"column":2},"end":{"line":14,"column":4}},"7":{"start":{"line":15,"column":2},"end":{"line":17,"column":4}},"8":{"start":{"line":18,"column":2},"end":{"line":20,"column":4}},"9":{"start":{"line":21,"column":2},"end":{"line":23,"column":4}},"10":{"start":{"line":24,"column":2},"end":{"line":26,"column":4}},"11":{"start":{"line":27,"column":2},"end":{"line":29,"column":4}},"12":{"start":{"line":31,"column":2},"end":{"line":31,"column":19}},"13":{"start":{"line":32,"column":2},"end":{"line":32,"column":11}},"14":{"start":{"line":33,"column":2},"end":{"line":33,"column":45}},"15":{"start":{"line":35,"column":2},"end":{"line":35,"column":17}},"16":{"start":{"line":36,"column":2},"end":{"line":36,"column":21}},"17":{"start":{"line":39,"column":4},"end":{"line":41,"column":null}},"18":{"start":{"line":40,"column":6},"end":{"line":40,"column":30}},"19":{"start":{"line":43,"column":4},"end":{"line":43,"column":25}},"20":{"start":{"line":44,"column":4},"end":{"line":44,"column":26}},"21":{"start":{"line":45,"column":4},"end":{"line":45,"column":69}},"22":{"start":{"line":48,"column":2},"end":{"line":82,"column":null}},"23":{"start":{"line":48,"column":2},"end":{"line":48,"column":18}},"24":{"start":{"line":49,"column":44},"end":{"line":63,"column":null}},"25":{"start":{"line":66,"column":4},"end":{"line":76,"column":7}},"26":{"start":{"line":67,"column":6},"end":{"line":75,"column":null}},"27":{"start":{"line":68,"column":8},"end":{"line":68,"column":20}},"28":{"start":{"line":70,"column":8},"end":{"line":72,"column":null}},"29":{"start":{"line":71,"column":10},"end":{"line":71,"column":50}},"30":{"start":{"line":74,"column":8},"end":{"line":74,"column":73}},"31":{"start":{"line":78,"column":4},"end":{"line":81,"column":7}},"32":{"start":{"line":79,"column":6},"end":{"line":79,"column":25}},"33":{"start":{"line":80,"column":6},"end":{"line":80,"column":44}},"34":{"start":{"line":84,"column":2},"end":{"line":91,"column":null}},"35":{"start":{"line":85,"column":4},"end":{"line":85,"column":39}},"36":{"start":{"line":86,"column":4},"end":{"line":86,"column":20}},"37":{"start":{"line":87,"column":4},"end":{"line":87,"column":28}},"38":{"start":{"line":88,"column":4},"end":{"line":88,"column":24}},"39":{"start":{"line":89,"column":4},"end":{"line":89,"column":18}},"40":{"start":{"line":90,"column":4},"end":{"line":90,"column":26}},"41":{"start":{"line":93,"column":2},"end":{"line":149,"column":null}},"42":{"start":{"line":93,"column":2},"end":{"line":93,"column":15}},"43":{"start":{"line":94,"column":4},"end":{"line":121,"column":7}},"44":{"start":{"line":95,"column":6},"end":{"line":95,"column":25}},"45":{"start":{"line":97,"column":6},"end":{"line":120,"column":null}},"46":{"start":{"line":98,"column":8},"end":{"line":98,"column":56}},"47":{"start":{"line":99,"column":8},"end":{"line":100,"column":21}},"48":{"start":{"line":101,"column":8},"end":{"line":101,"column":27}},"49":{"start":{"line":102,"column":8},"end":{"line":102,"column":73}},"50":{"start":{"line":104,"column":8},"end":{"line":119,"column":null}},"51":{"start":{"line":105,"column":10},"end":{"line":105,"column":22}},"52":{"start":{"line":107,"column":10},"end":{"line":109,"column":null}},"53":{"start":{"line":108,"column":12},"end":{"line":108,"column":52}},"54":{"start":{"line":111,"column":10},"end":{"line":116,"column":null}},"55":{"start":{"line":112,"column":12},"end":{"line":114,"column":40}},"56":{"start":{"line":115,"column":12},"end":{"line":115,"column":57}},"57":{"start":{"line":118,"column":10},"end":{"line":118,"column":75}},"58":{"start":{"line":123,"column":4},"end":{"line":140,"column":7}},"59":{"start":{"line":124,"column":6},"end":{"line":124,"column":25}},"60":{"start":{"line":125,"column":6},"end":{"line":125,"column":25}},"61":{"start":{"line":126,"column":6},"end":{"line":139,"column":null}},"62":{"start":{"line":127,"column":8},"end":{"line":127,"column":80}},"63":{"start":{"line":128,"column":8},"end":{"line":129,"column":28}},"64":{"start":{"line":130,"column":8},"end":{"line":130,"column":51}},"65":{"start":{"line":132,"column":8},"end":{"line":132,"column":27}},"66":{"start":{"line":133,"column":8},"end":{"line":133,"column":60}},"67":{"start":{"line":134,"column":8},"end":{"line":134,"column":36}},"68":{"start":{"line":135,"column":8},"end":{"line":135,"column":54}},"69":{"start":{"line":136,"column":8},"end":{"line":137,"column":19}},"70":{"start":{"line":138,"column":8},"end":{"line":138,"column":42}},"71":{"start":{"line":142,"column":4},"end":{"line":148,"column":7}},"72":{"start":{"line":143,"column":6},"end":{"line":146,"column":null}},"73":{"start":{"line":144,"column":8},"end":{"line":144,"column":43}},"74":{"start":{"line":145,"column":8},"end":{"line":145,"column":15}},"75":{"start":{"line":147,"column":6},"end":{"line":147,"column":40}},"76":{"start":{"line":151,"column":8},"end":{"line":177,"column":null}},"77":{"start":{"line":152,"column":27},"end":{"line":155,"column":null}},"78":{"start":{"line":152,"column":10},"end":{"line":155,"column":null}},"79":{"start":{"line":157,"column":4},"end":{"line":167,"column":null}},"80":{"start":{"line":158,"column":6},"end":{"line":160,"column":8}},"81":{"start":{"line":162,"column":6},"end":{"line":162,"column":37}},"82":{"start":{"line":163,"column":6},"end":{"line":163,"column":32}},"83":{"start":{"line":164,"column":6},"end":{"line":166,"column":8}},"84":{"start":{"line":169,"column":31},"end":{"line":169,"column":null}},"85":{"start":{"line":169,"column":10},"end":{"line":169,"column":null}},"86":{"start":{"line":171,"column":4},"end":{"line":172,"column":70}},"87":{"start":{"line":174,"column":4},"end":{"line":176,"column":37}},"88":{"start":{"line":179,"column":8},"end":{"line":251,"column":null}},"89":{"start":{"line":180,"column":25},"end":{"line":186,"column":null}},"90":{"start":{"line":180,"column":10},"end":{"line":186,"column":null}},"91":{"start":{"line":188,"column":4},"end":{"line":198,"column":null}},"92":{"start":{"line":189,"column":6},"end":{"line":191,"column":8}},"93":{"start":{"line":193,"column":6},"end":{"line":193,"column":37}},"94":{"start":{"line":194,"column":6},"end":{"line":194,"column":32}},"95":{"start":{"line":195,"column":6},"end":{"line":197,"column":8}},"96":{"start":{"line":200,"column":26},"end":{"line":200,"column":null}},"97":{"start":{"line":200,"column":10},"end":{"line":200,"column":null}},"98":{"start":{"line":202,"column":4},"end":{"line":206,"column":null}},"99":{"start":{"line":203,"column":6},"end":{"line":205,"column":8}},"100":{"start":{"line":208,"column":4},"end":{"line":239,"column":7}},"101":{"start":{"line":209,"column":6},"end":{"line":236,"column":24}},"102":{"start":{"line":238,"column":6},"end":{"line":238,"column":49}},"103":{"start":{"line":241,"column":4},"end":{"line":243,"column":6}},"104":{"start":{"line":244,"column":4},"end":{"line":244,"column":79}},"105":{"start":{"line":246,"column":4},"end":{"line":246,"column":47}},"106":{"start":{"line":248,"column":4},"end":{"line":250,"column":null}},"107":{"start":{"line":249,"column":6},"end":{"line":249,"column":48}},"108":{"start":{"line":253,"column":2},"end":{"line":267,"column":null}},"109":{"start":{"line":254,"column":22},"end":{"line":260,"column":null}},"110":{"start":{"line":265,"column":4},"end":{"line":265,"column":46}},"111":{"start":{"line":266,"column":4},"end":{"line":266,"column":46}},"112":{"start":{"line":268,"column":0},"end":{"line":268,"column":null}}},"fnMap":{"0":{"name":"(anonymous_13)","decl":{"start":{"line":5,"column":0},"end":{"line":5,"column":null}},"loc":{"start":{"line":5,"column":0},"end":{"line":268,"column":null}}},"1":{"name":"CardEstaticoParceirosShoppingDS","decl":{"start":{"line":38,"column":2},"end":{"line":38,"column":null}},"loc":{"start":{"line":38,"column":2},"end":{"line":46,"column":3}}},"2":{"name":"(anonymous_15)","decl":{"start":{"line":48,"column":2},"end":{"line":48,"column":18}},"loc":{"start":{"line":48,"column":2},"end":{"line":82,"column":3}}},"3":{"name":"(anonymous_16)","decl":{"start":{"line":66,"column":46},"end":{"line":66,"column":null}},"loc":{"start":{"line":66,"column":46},"end":{"line":76,"column":5}}},"4":{"name":"(anonymous_17)","decl":{"start":{"line":78,"column":49},"end":{"line":78,"column":50}},"loc":{"start":{"line":78,"column":51},"end":{"line":81,"column":5}}},"5":{"name":"(anonymous_18)","decl":{"start":{"line":84,"column":2},"end":{"line":84,"column":13}},"loc":{"start":{"line":84,"column":2},"end":{"line":91,"column":3}}},"6":{"name":"(anonymous_19)","decl":{"start":{"line":93,"column":2},"end":{"line":93,"column":15}},"loc":{"start":{"line":93,"column":2},"end":{"line":149,"column":3}}},"7":{"name":"(anonymous_20)","decl":{"start":{"line":94,"column":50},"end":{"line":94,"column":51}},"loc":{"start":{"line":94,"column":52},"end":{"line":121,"column":5}}},"8":{"name":"(anonymous_21)","decl":{"start":{"line":123,"column":49},"end":{"line":123,"column":50}},"loc":{"start":{"line":123,"column":51},"end":{"line":140,"column":5}}},"9":{"name":"(anonymous_22)","decl":{"start":{"line":142,"column":48},"end":{"line":142,"column":null}},"loc":{"start":{"line":142,"column":48},"end":{"line":148,"column":5}}},"10":{"name":"(anonymous_23)","decl":{"start":{"line":151,"column":2},"end":{"line":151,"column":8}},"loc":{"start":{"line":151,"column":2},"end":{"line":177,"column":null}}},"11":{"name":"(anonymous_26)","decl":{"start":{"line":179,"column":2},"end":{"line":179,"column":8}},"loc":{"start":{"line":179,"column":75},"end":{"line":251,"column":null}}},"12":{"name":"(anonymous_29)","decl":{"start":{"line":208,"column":32},"end":{"line":208,"column":33}},"loc":{"start":{"line":208,"column":37},"end":{"line":239,"column":5}}},"13":{"name":"(anonymous_30)","decl":{"start":{"line":253,"column":2},"end":{"line":253,"column":18}},"loc":{"start":{"line":253,"column":23},"end":{"line":267,"column":3}}}},"branchMap":{"0":{"loc":{"start":{"line":33,"column":15},"end":{"line":33,"column":44}},"type":"binary-expr","locations":[{"start":{"line":33,"column":15},"end":{"line":33,"column":38}},{"start":{"line":33,"column":42},"end":{"line":33,"column":44}}]},"1":{"loc":{"start":{"line":33,"column":15},"end":{"line":33,"column":38}},"type":"cond-expr","locations":[{"start":{"line":33,"column":31},"end":{"line":33,"column":33}},{"start":{"line":33,"column":31},"end":{"line":33,"column":38}}]},"2":{"loc":{"start":{"line":33,"column":15},"end":{"line":33,"column":33}},"type":"binary-expr","locations":[{"start":{"line":33,"column":15},"end":{"line":33,"column":33}},{"start":{"line":33,"column":31},"end":{"line":33,"column":33}}]},"3":{"loc":{"start":{"line":39,"column":4},"end":{"line":41,"column":null}},"type":"if","locations":[{"start":{"line":39,"column":4},"end":{"line":41,"column":null}}]},"4":{"loc":{"start":{"line":67,"column":6},"end":{"line":75,"column":null}},"type":"if","locations":[{"start":{"line":67,"column":6},"end":{"line":75,"column":null}}]},"5":{"loc":{"start":{"line":70,"column":8},"end":{"line":72,"column":null}},"type":"if","locations":[{"start":{"line":70,"column":8},"end":{"line":72,"column":null}}]},"6":{"loc":{"start":{"line":78,"column":4},"end":{"line":81,"column":6}},"type":"cond-expr","locations":[{"start":{"line":78,"column":21},"end":{"line":78,"column":23}},{"start":{"line":78,"column":21},"end":{"line":81,"column":6}}]},"7":{"loc":{"start":{"line":78,"column":4},"end":{"line":78,"column":23}},"type":"binary-expr","locations":[{"start":{"line":78,"column":4},"end":{"line":78,"column":23}},{"start":{"line":78,"column":21},"end":{"line":78,"column":23}}]},"8":{"loc":{"start":{"line":94,"column":4},"end":{"line":121,"column":6}},"type":"cond-expr","locations":[{"start":{"line":94,"column":22},"end":{"line":94,"column":24}},{"start":{"line":94,"column":22},"end":{"line":121,"column":6}}]},"9":{"loc":{"start":{"line":94,"column":4},"end":{"line":94,"column":24}},"type":"binary-expr","locations":[{"start":{"line":94,"column":4},"end":{"line":94,"column":24}},{"start":{"line":94,"column":22},"end":{"line":94,"column":24}}]},"10":{"loc":{"start":{"line":97,"column":6},"end":{"line":120,"column":null}},"type":"if","locations":[{"start":{"line":97,"column":6},"end":{"line":120,"column":null}},{"start":{"line":103,"column":13},"end":{"line":120,"column":null}}]},"11":{"loc":{"start":{"line":104,"column":8},"end":{"line":119,"column":null}},"type":"if","locations":[{"start":{"line":104,"column":8},"end":{"line":119,"column":null}}]},"12":{"loc":{"start":{"line":107,"column":10},"end":{"line":109,"column":null}},"type":"if","locations":[{"start":{"line":107,"column":10},"end":{"line":109,"column":null}}]},"13":{"loc":{"start":{"line":111,"column":10},"end":{"line":116,"column":null}},"type":"if","locations":[{"start":{"line":111,"column":10},"end":{"line":116,"column":null}}]},"14":{"loc":{"start":{"line":123,"column":4},"end":{"line":140,"column":6}},"type":"cond-expr","locations":[{"start":{"line":123,"column":21},"end":{"line":123,"column":23}},{"start":{"line":123,"column":21},"end":{"line":140,"column":6}}]},"15":{"loc":{"start":{"line":123,"column":4},"end":{"line":123,"column":23}},"type":"binary-expr","locations":[{"start":{"line":123,"column":4},"end":{"line":123,"column":23}},{"start":{"line":123,"column":21},"end":{"line":123,"column":23}}]},"16":{"loc":{"start":{"line":126,"column":6},"end":{"line":139,"column":null}},"type":"if","locations":[{"start":{"line":126,"column":6},"end":{"line":139,"column":null}},{"start":{"line":131,"column":13},"end":{"line":139,"column":null}}]},"17":{"loc":{"start":{"line":142,"column":4},"end":{"line":148,"column":6}},"type":"cond-expr","locations":[{"start":{"line":142,"column":20},"end":{"line":142,"column":22}},{"start":{"line":142,"column":20},"end":{"line":148,"column":6}}]},"18":{"loc":{"start":{"line":142,"column":4},"end":{"line":142,"column":22}},"type":"binary-expr","locations":[{"start":{"line":142,"column":4},"end":{"line":142,"column":22}},{"start":{"line":142,"column":20},"end":{"line":142,"column":22}}]},"19":{"loc":{"start":{"line":143,"column":6},"end":{"line":146,"column":null}},"type":"if","locations":[{"start":{"line":143,"column":6},"end":{"line":146,"column":null}}]},"20":{"loc":{"start":{"line":152,"column":27},"end":{"line":155,"column":null}},"type":"switch","locations":[{"start":{"line":152,"column":27},"end":{"line":155,"column":null}}]},"21":{"loc":{"start":{"line":157,"column":4},"end":{"line":167,"column":null}},"type":"if","locations":[{"start":{"line":157,"column":4},"end":{"line":167,"column":null}}]},"22":{"loc":{"start":{"line":157,"column":8},"end":{"line":157,"column":59}},"type":"binary-expr","locations":[{"start":{"line":157,"column":8},"end":{"line":157,"column":26}},{"start":{"line":157,"column":30},"end":{"line":157,"column":59}}]},"23":{"loc":{"start":{"line":180,"column":25},"end":{"line":186,"column":null}},"type":"switch","locations":[{"start":{"line":180,"column":25},"end":{"line":186,"column":null}}]},"24":{"loc":{"start":{"line":184,"column":8},"end":{"line":184,"column":58}},"type":"cond-expr","locations":[{"start":{"line":184,"column":32},"end":{"line":184,"column":53}},{"start":{"line":184,"column":56},"end":{"line":184,"column":58}}]},"25":{"loc":{"start":{"line":188,"column":4},"end":{"line":198,"column":null}},"type":"if","locations":[{"start":{"line":188,"column":4},"end":{"line":198,"column":null}}]},"26":{"loc":{"start":{"line":188,"column":8},"end":{"line":188,"column":55}},"type":"binary-expr","locations":[{"start":{"line":188,"column":8},"end":{"line":188,"column":24}},{"start":{"line":188,"column":28},"end":{"line":188,"column":55}}]},"27":{"loc":{"start":{"line":202,"column":4},"end":{"line":206,"column":null}},"type":"if","locations":[{"start":{"line":202,"column":4},"end":{"line":206,"column":null}}]},"28":{"loc":{"start":{"line":202,"column":8},"end":{"line":202,"column":53}},"type":"binary-expr","locations":[{"start":{"line":202,"column":8},"end":{"line":202,"column":28}},{"start":{"line":202,"column":32},"end":{"line":202,"column":53}}]},"29":{"loc":{"start":{"line":248,"column":4},"end":{"line":250,"column":null}},"type":"if","locations":[{"start":{"line":248,"column":4},"end":{"line":250,"column":null}}]}},"s":{"0":0,"1":0,"2":0,"3":0,"4":0,"5":0,"6":0,"7":0,"8":0,"9":0,"10":0,"11":0,"12":0,"13":0,"14":0,"15":0,"16":0,"17":0,"18":0,"19":0,"20":0,"21":0,"22":0,"23":0,"24":0,"25":0,"26":0,"27":0,"28":0,"29":0,"30":0,"31":0,"32":0,"33":0,"34":0,"35":0,"36":0,"37":0,"38":0,"39":0,"40":0,"41":0,"42":0,"43":0,"44":0,"45":0,"46":0,"47":0,"48":0,"49":0,"50":0,"51":0,"52":0,"53":0,"54":0,"55":0,"56":0,"57":0,"58":0,"59":0,"60":0,"61":0,"62":0,"63":0,"64":0,"65":0,"66":0,"67":0,"68":0,"69":0,"70":0,"71":0,"72":0,"73":0,"74":0,"75":0,"76":0,"77":0,"78":0,"79":0,"80":0,"81":0,"82":0,"83":0,"84":0,"85":0,"86":0,"87":0,"88":0,"89":0,"90":0,"91":0,"92":0,"93":0,"94":0,"95":0,"96":0,"97":0,"98":0,"99":0,"100":0,"101":0,"102":0,"103":0,"104":0,"105":0,"106":0,"107":0,"108":0,"109":0,"110":0,"111":0,"112":0},"f":{"0":0,"1":0,"2":0,"3":0,"4":0,"5":0,"6":0,"7":0,"8":0,"9":0,"10":0,"11":0,"12":0,"13":0},"b":{"0":[0,0],"1":[0,0],"2":[0,0],"3":[0],"4":[0],"5":[0],"6":[0,0],"7":[0,0],"8":[0,0],"9":[0,0],"10":[0,0],"11":[0],"12":[0],"13":[0],"14":[0,0],"15":[0,0],"16":[0,0],"17":[0,0],"18":[0,0],"19":[0],"20":[0],"21":[0],"22":[0,0],"23":[0],"24":[0,0],"25":[0],"26":[0,0],"27":[0],"28":[0,0],"29":[0]}}
,"/azp/_work/1/app/ui.frontend/src/main/webpack/components/PAN/Section/Conteudo/Conteudo-Numbers/Conteudo-Numbers.ts": {"path":"/azp/_work/1/app/ui.frontend/src/main/webpack/components/PAN/Section/Conteudo/Conteudo-Numbers/Conteudo-Numbers.ts","statementMap":{"0":{"start":{"line":1,"column":0},"end":{"line":1,"column":33}}},"fnMap":{},"branchMap":{},"s":{"0":0},"f":{},"b":{}}
,"/azp/_work/1/app/ui.frontend/src/main/webpack/components/PAN/Section/Conteudo/Conteudo-PassoAPasso/Conteudo-PassoAPasso.ts": {"path":"/azp/_work/1/app/ui.frontend/src/main/webpack/components/PAN/Section/Conteudo/Conteudo-PassoAPasso/Conteudo-PassoAPasso.ts","statementMap":{"0":{"start":{"line":1,"column":0},"end":{"line":1,"column":37}}},"fnMap":{},"branchMap":{},"s":{"0":0},"f":{},"b":{}}
,"/azp/_work/1/app/ui.frontend/src/main/webpack/components/PAN/Section/Conteudo/Conteudo-Steps/Conteudo-Steps.ts": {"path":"/azp/_work/1/app/ui.frontend/src/main/webpack/components/PAN/Section/Conteudo/Conteudo-Steps/Conteudo-Steps.ts","statementMap":{"0":{"start":{"line":1,"column":0},"end":{"line":1,"column":31}}},"fnMap":{},"branchMap":{},"s":{"0":0},"f":{},"b":{}}
,"/azp/_work/1/app/ui.frontend/src/main/webpack/components/PAN/Section/Conteudo/Conteudo-Tabela/Conteudo-Tabela.ts": {"path":"/azp/_work/1/app/ui.frontend/src/main/webpack/components/PAN/Section/Conteudo/Conteudo-Tabela/Conteudo-Tabela.ts","statementMap":{"0":{"start":{"line":1,"column":0},"end":{"line":1,"column":32}}},"fnMap":{},"branchMap":{},"s":{"0":0},"f":{},"b":{}}
,"/azp/_work/1/app/ui.frontend/src/main/webpack/components/PAN/Section/Conteudo/Conteudo-Topicos/Conteudo-Topicos.ts": {"path":"/azp/_work/1/app/ui.frontend/src/main/webpack/components/PAN/Section/Conteudo/Conteudo-Topicos/Conteudo-Topicos.ts","statementMap":{"0":{"start":{"line":1,"column":0},"end":{"line":1,"column":33}}},"fnMap":{},"branchMap":{},"s":{"0":0},"f":{},"b":{}}
,"/azp/_work/1/app/ui.frontend/src/main/webpack/components/PAN/Section/Conteudo/Conteudo-Topicos-Imagem/Conteudo-Topicos.Imagem.ts": {"path":"/azp/_work/1/app/ui.frontend/src/main/webpack/components/PAN/Section/Conteudo/Conteudo-Topicos-Imagem/Conteudo-Topicos.Imagem.ts","statementMap":{"0":{"start":{"line":1,"column":0},"end":{"line":1,"column":40}}},"fnMap":{},"branchMap":{},"s":{"0":0},"f":{},"b":{}}
,"/azp/_work/1/app/ui.frontend/src/main/webpack/components/PAN/Section/Conteudo/MultiContent/MultiContent.ts": {"path":"/azp/_work/1/app/ui.frontend/src/main/webpack/components/PAN/Section/Conteudo/MultiContent/MultiContent.ts","statementMap":{"0":{"start":{"line":1,"column":0},"end":{"line":1,"column":29}},"1":{"start":{"line":3,"column":0},"end":{"line":3,"column":null}},"2":{"start":{"line":4,"column":4},"end":{"line":4,"column":81}},"3":{"start":{"line":5,"column":4},"end":{"line":5,"column":79}},"4":{"start":{"line":8,"column":8},"end":{"line":8,"column":27}},"5":{"start":{"line":11,"column":4},"end":{"line":24,"column":null}},"6":{"start":{"line":11,"column":4},"end":{"line":11,"column":15}},"7":{"start":{"line":12,"column":8},"end":{"line":12,"column":49}},"8":{"start":{"line":13,"column":8},"end":{"line":13,"column":51}},"9":{"start":{"line":15,"column":8},"end":{"line":17,"column":13}},"10":{"start":{"line":16,"column":12},"end":{"line":16,"column":45}},"11":{"start":{"line":19,"column":8},"end":{"line":23,"column":11}},"12":{"start":{"line":20,"column":12},"end":{"line":22,"column":15}},"13":{"start":{"line":21,"column":16},"end":{"line":21,"column":54}},"14":{"start":{"line":26,"column":4},"end":{"line":38,"column":null}},"15":{"start":{"line":27,"column":8},"end":{"line":29,"column":11}},"16":{"start":{"line":28,"column":10},"end":{"line":28,"column":44}},"17":{"start":{"line":31,"column":8},"end":{"line":31,"column":39}},"18":{"start":{"line":33,"column":8},"end":{"line":35,"column":11}},"19":{"start":{"line":34,"column":10},"end":{"line":34,"column":40}},"20":{"start":{"line":37,"column":8},"end":{"line":37,"column":54}},"21":{"start":{"line":39,"column":0},"end":{"line":39,"column":null}},"22":{"start":{"line":41,"column":0},"end":{"line":41,"column":21}}},"fnMap":{"0":{"name":"(anonymous_0)","decl":{"start":{"line":3,"column":0},"end":{"line":3,"column":null}},"loc":{"start":{"line":3,"column":0},"end":{"line":39,"column":null}}},"1":{"name":"ButtonAndBlock","decl":{"start":{"line":7,"column":4},"end":{"line":7,"column":null}},"loc":{"start":{"line":7,"column":4},"end":{"line":9,"column":5}}},"2":{"name":"(anonymous_2)","decl":{"start":{"line":11,"column":4},"end":{"line":11,"column":15}},"loc":{"start":{"line":11,"column":4},"end":{"line":24,"column":5}}},"3":{"name":"(anonymous_3)","decl":{"start":{"line":15,"column":28},"end":{"line":15,"column":29}},"loc":{"start":{"line":15,"column":34},"end":{"line":17,"column":11}}},"4":{"name":"(anonymous_4)","decl":{"start":{"line":19,"column":29},"end":{"line":19,"column":30}},"loc":{"start":{"line":19,"column":43},"end":{"line":23,"column":9}}},"5":{"name":"(anonymous_5)","decl":{"start":{"line":20,"column":45},"end":{"line":20,"column":null}},"loc":{"start":{"line":20,"column":45},"end":{"line":22,"column":13}}},"6":{"name":"(anonymous_6)","decl":{"start":{"line":26,"column":4},"end":{"line":26,"column":21}},"loc":{"start":{"line":26,"column":52},"end":{"line":38,"column":5}}},"7":{"name":"(anonymous_7)","decl":{"start":{"line":27,"column":29},"end":{"line":27,"column":30}},"loc":{"start":{"line":27,"column":36},"end":{"line":29,"column":9}}},"8":{"name":"(anonymous_8)","decl":{"start":{"line":33,"column":28},"end":{"line":33,"column":29}},"loc":{"start":{"line":33,"column":34},"end":{"line":35,"column":9}}}},"branchMap":{"0":{"loc":{"start":{"line":12,"column":8},"end":{"line":12,"column":48}},"type":"cond-expr","locations":[{"start":{"line":12,"column":23},"end":{"line":12,"column":25}},{"start":{"line":12,"column":23},"end":{"line":12,"column":48}}]},"1":{"loc":{"start":{"line":12,"column":8},"end":{"line":12,"column":25}},"type":"binary-expr","locations":[{"start":{"line":12,"column":8},"end":{"line":12,"column":25}},{"start":{"line":12,"column":23},"end":{"line":12,"column":25}}]},"2":{"loc":{"start":{"line":13,"column":8},"end":{"line":13,"column":50}},"type":"cond-expr","locations":[{"start":{"line":13,"column":22},"end":{"line":13,"column":24}},{"start":{"line":13,"column":22},"end":{"line":13,"column":50}}]},"3":{"loc":{"start":{"line":13,"column":8},"end":{"line":13,"column":24}},"type":"binary-expr","locations":[{"start":{"line":13,"column":8},"end":{"line":13,"column":24}},{"start":{"line":13,"column":22},"end":{"line":13,"column":24}}]}},"s":{"0":1,"1":1,"2":3,"3":3,"4":3,"5":1,"6":3,"7":3,"8":3,"9":3,"10":4,"11":3,"12":4,"13":1,"14":1,"15":1,"16":2,"17":1,"18":1,"19":2,"20":1,"21":1,"22":1},"f":{"0":1,"1":3,"2":3,"3":4,"4":4,"5":1,"6":1,"7":2,"8":2},"b":{"0":[1,2],"1":[3,3],"2":[1,2],"3":[3,3]}}
,"/azp/_work/1/app/ui.frontend/src/main/webpack/components/PAN/Section/Faq/FAQ/FAQ.ts": {"path":"/azp/_work/1/app/ui.frontend/src/main/webpack/components/PAN/Section/Faq/FAQ/FAQ.ts","statementMap":{"0":{"start":{"line":1,"column":0},"end":{"line":1,"column":20}},"1":{"start":{"line":2,"column":0},"end":{"line":2,"column":109}},"2":{"start":{"line":4,"column":0},"end":{"line":4,"column":null}},"3":{"start":{"line":14,"column":2},"end":{"line":14,"column":18}},"4":{"start":{"line":17,"column":4},"end":{"line":17,"column":16}},"5":{"start":{"line":18,"column":4},"end":{"line":20,"column":13}},"6":{"start":{"line":19,"column":6},"end":{"line":19,"column":37}},"7":{"start":{"line":23,"column":2},"end":{"line":45,"column":null}},"8":{"start":{"line":23,"column":2},"end":{"line":23,"column":6}},"9":{"start":{"line":24,"column":4},"end":{"line":44,"column":12}},"10":{"start":{"line":25,"column":6},"end":{"line":25,"column":66}},"11":{"start":{"line":27,"column":6},"end":{"line":43,"column":null}},"12":{"start":{"line":28,"column":8},"end":{"line":28,"column":79}},"13":{"start":{"line":29,"column":8},"end":{"line":29,"column":78}},"14":{"start":{"line":30,"column":8},"end":{"line":30,"column":71}},"15":{"start":{"line":32,"column":8},"end":{"line":34,"column":10}},"16":{"start":{"line":35,"column":8},"end":{"line":37,"column":10}},"17":{"start":{"line":38,"column":8},"end":{"line":38,"column":78}},"18":{"start":{"line":40,"column":8},"end":{"line":40,"column":37}},"19":{"start":{"line":41,"column":8},"end":{"line":41,"column":39}},"20":{"start":{"line":42,"column":8},"end":{"line":42,"column":36}},"21":{"start":{"line":47,"column":2},"end":{"line":54,"column":null}},"22":{"start":{"line":48,"column":4},"end":{"line":53,"column":null}},"23":{"start":{"line":49,"column":6},"end":{"line":49,"column":45}},"24":{"start":{"line":50,"column":6},"end":{"line":50,"column":37}},"25":{"start":{"line":52,"column":6},"end":{"line":52,"column":79}},"26":{"start":{"line":56,"column":2},"end":{"line":65,"column":null}},"27":{"start":{"line":57,"column":17},"end":{"line":57,"column":58}},"28":{"start":{"line":58,"column":4},"end":{"line":63,"column":null}},"29":{"start":{"line":58,"column":21},"end":{"line":58,"column":22}},"30":{"start":{"line":59,"column":30},"end":{"line":60,"column":33}},"31":{"start":{"line":62,"column":6},"end":{"line":62,"column":55}},"32":{"start":{"line":64,"column":4},"end":{"line":64,"column":72}},"33":{"start":{"line":67,"column":2},"end":{"line":91,"column":null}},"34":{"start":{"line":67,"column":2},"end":{"line":67,"column":22}},"35":{"start":{"line":68,"column":4},"end":{"line":90,"column":7}},"36":{"start":{"line":69,"column":6},"end":{"line":89,"column":9}},"37":{"start":{"line":70,"column":21},"end":{"line":70,"column":44}},"38":{"start":{"line":71,"column":23},"end":{"line":71,"column":46}},"39":{"start":{"line":73,"column":8},"end":{"line":88,"column":null}},"40":{"start":{"line":74,"column":10},"end":{"line":87,"column":null}},"41":{"start":{"line":75,"column":12},"end":{"line":81,"column":19}},"42":{"start":{"line":76,"column":36},"end":{"line":76,"column":60}},"43":{"start":{"line":78,"column":14},"end":{"line":78,"column":48}},"44":{"start":{"line":79,"column":14},"end":{"line":80,"column":40}},"45":{"start":{"line":83,"column":34},"end":{"line":83,"column":58}},"46":{"start":{"line":85,"column":12},"end":{"line":85,"column":46}},"47":{"start":{"line":86,"column":12},"end":{"line":86,"column":80}},"48":{"start":{"line":93,"column":2},"end":{"line":113,"column":null}},"49":{"start":{"line":93,"column":2},"end":{"line":93,"column":25}},"50":{"start":{"line":94,"column":4},"end":{"line":112,"column":7}},"51":{"start":{"line":95,"column":6},"end":{"line":111,"column":9}},"52":{"start":{"line":96,"column":21},"end":{"line":96,"column":44}},"53":{"start":{"line":97,"column":26},"end":{"line":97,"column":60}},"54":{"start":{"line":98,"column":23},"end":{"line":98,"column":46}},"55":{"start":{"line":100,"column":8},"end":{"line":110,"column":null}},"56":{"start":{"line":101,"column":34},"end":{"line":101,"column":56}},"57":{"start":{"line":103,"column":10},"end":{"line":103,"column":46}},"58":{"start":{"line":104,"column":10},"end":{"line":104,"column":78}},"59":{"start":{"line":106,"column":34},"end":{"line":106,"column":56}},"60":{"start":{"line":108,"column":10},"end":{"line":108,"column":46}},"61":{"start":{"line":109,"column":10},"end":{"line":109,"column":78}},"62":{"start":{"line":115,"column":2},"end":{"line":120,"column":null}},"63":{"start":{"line":116,"column":4},"end":{"line":116,"column":52}},"64":{"start":{"line":117,"column":4},"end":{"line":117,"column":43}},"65":{"start":{"line":119,"column":4},"end":{"line":119,"column":44}},"66":{"start":{"line":121,"column":0},"end":{"line":121,"column":null}},"67":{"start":{"line":123,"column":0},"end":{"line":123,"column":18}}},"fnMap":{"0":{"name":"(anonymous_0)","decl":{"start":{"line":4,"column":0},"end":{"line":4,"column":null}},"loc":{"start":{"line":4,"column":0},"end":{"line":121,"column":null}}},"1":{"name":"FaqViewMore","decl":{"start":{"line":16,"column":2},"end":{"line":16,"column":null}},"loc":{"start":{"line":16,"column":2},"end":{"line":21,"column":3}}},"2":{"name":"(anonymous_2)","decl":{"start":{"line":18,"column":15},"end":{"line":18,"column":null}},"loc":{"start":{"line":18,"column":15},"end":{"line":20,"column":5}}},"3":{"name":"(anonymous_3)","decl":{"start":{"line":23,"column":2},"end":{"line":23,"column":6}},"loc":{"start":{"line":23,"column":2},"end":{"line":45,"column":3}}},"4":{"name":"(anonymous_4)","decl":{"start":{"line":24,"column":15},"end":{"line":24,"column":null}},"loc":{"start":{"line":24,"column":15},"end":{"line":44,"column":5}}},"5":{"name":"(anonymous_5)","decl":{"start":{"line":47,"column":2},"end":{"line":47,"column":25}},"loc":{"start":{"line":47,"column":2},"end":{"line":54,"column":3}}},"6":{"name":"(anonymous_6)","decl":{"start":{"line":56,"column":2},"end":{"line":56,"column":23}},"loc":{"start":{"line":56,"column":2},"end":{"line":65,"column":3}}},"7":{"name":"(anonymous_7)","decl":{"start":{"line":67,"column":2},"end":{"line":67,"column":22}},"loc":{"start":{"line":67,"column":2},"end":{"line":91,"column":3}}},"8":{"name":"(anonymous_8)","decl":{"start":{"line":68,"column":28},"end":{"line":68,"column":29}},"loc":{"start":{"line":68,"column":36},"end":{"line":90,"column":5}}},"9":{"name":"(anonymous_9)","decl":{"start":{"line":69,"column":40},"end":{"line":69,"column":null}},"loc":{"start":{"line":69,"column":40},"end":{"line":89,"column":7}}},"10":{"name":"(anonymous_10)","decl":{"start":{"line":75,"column":23},"end":{"line":75,"column":null}},"loc":{"start":{"line":75,"column":23},"end":{"line":81,"column":13}}},"11":{"name":"(anonymous_11)","decl":{"start":{"line":93,"column":2},"end":{"line":93,"column":25}},"loc":{"start":{"line":93,"column":2},"end":{"line":113,"column":3}}},"12":{"name":"(anonymous_12)","decl":{"start":{"line":94,"column":28},"end":{"line":94,"column":29}},"loc":{"start":{"line":94,"column":36},"end":{"line":112,"column":5}}},"13":{"name":"(anonymous_13)","decl":{"start":{"line":95,"column":40},"end":{"line":95,"column":null}},"loc":{"start":{"line":95,"column":40},"end":{"line":111,"column":7}}},"14":{"name":"(anonymous_14)","decl":{"start":{"line":115,"column":2},"end":{"line":115,"column":19}},"loc":{"start":{"line":115,"column":2},"end":{"line":120,"column":3}}}},"branchMap":{"0":{"loc":{"start":{"line":27,"column":6},"end":{"line":43,"column":null}},"type":"if","locations":[{"start":{"line":27,"column":6},"end":{"line":43,"column":null}}]},"1":{"loc":{"start":{"line":48,"column":4},"end":{"line":53,"column":null}},"type":"if","locations":[{"start":{"line":48,"column":4},"end":{"line":53,"column":null}},{"start":{"line":51,"column":11},"end":{"line":53,"column":null}}]},"2":{"loc":{"start":{"line":73,"column":8},"end":{"line":88,"column":null}},"type":"if","locations":[{"start":{"line":73,"column":8},"end":{"line":88,"column":null}}]},"3":{"loc":{"start":{"line":74,"column":10},"end":{"line":87,"column":null}},"type":"if","locations":[{"start":{"line":74,"column":10},"end":{"line":87,"column":null}},{"start":{"line":82,"column":17},"end":{"line":87,"column":null}}]},"4":{"loc":{"start":{"line":100,"column":8},"end":{"line":110,"column":null}},"type":"if","locations":[{"start":{"line":100,"column":8},"end":{"line":110,"column":null}},{"start":{"line":105,"column":15},"end":{"line":110,"column":null}}]}},"s":{"0":0,"1":0,"2":0,"3":0,"4":0,"5":0,"6":0,"7":0,"8":0,"9":0,"10":0,"11":0,"12":0,"13":0,"14":0,"15":0,"16":0,"17":0,"18":0,"19":0,"20":0,"21":0,"22":0,"23":0,"24":0,"25":0,"26":0,"27":0,"28":0,"29":0,"30":0,"31":0,"32":0,"33":0,"34":0,"35":0,"36":0,"37":0,"38":0,"39":0,"40":0,"41":0,"42":0,"43":0,"44":0,"45":0,"46":0,"47":0,"48":0,"49":0,"50":0,"51":0,"52":0,"53":0,"54":0,"55":0,"56":0,"57":0,"58":0,"59":0,"60":0,"61":0,"62":0,"63":0,"64":0,"65":0,"66":0,"67":0},"f":{"0":0,"1":0,"2":0,"3":0,"4":0,"5":0,"6":0,"7":0,"8":0,"9":0,"10":0,"11":0,"12":0,"13":0,"14":0},"b":{"0":[0],"1":[0,0],"2":[0],"3":[0,0],"4":[0,0]}}
,"/azp/_work/1/app/ui.frontend/src/main/webpack/components/PAN/Section/Form/Formulario-PreLead/Formulario-PreLead.ts": {"path":"/azp/_work/1/app/ui.frontend/src/main/webpack/components/PAN/Section/Form/Formulario-PreLead/Formulario-PreLead.ts","statementMap":{"0":{"start":{"line":1,"column":0},"end":{"line":1,"column":35}},"1":{"start":{"line":3,"column":0},"end":{"line":3,"column":64}},"2":{"start":{"line":4,"column":0},"end":{"line":4,"column":36}},"3":{"start":{"line":6,"column":0},"end":{"line":6,"column":13}},"4":{"start":{"line":34,"column":2},"end":{"line":34,"column":null}},"5":{"start":{"line":9,"column":2},"end":{"line":9,"column":25}},"6":{"start":{"line":10,"column":2},"end":{"line":10,"column":67}},"7":{"start":{"line":11,"column":2},"end":{"line":13,"column":24}},"8":{"start":{"line":14,"column":2},"end":{"line":16,"column":24}},"9":{"start":{"line":17,"column":2},"end":{"line":17,"column":75}},"10":{"start":{"line":18,"column":2},"end":{"line":20,"column":25}},"11":{"start":{"line":21,"column":2},"end":{"line":23,"column":4}},"12":{"start":{"line":24,"column":2},"end":{"line":26,"column":23}},"13":{"start":{"line":27,"column":2},"end":{"line":29,"column":24}},"14":{"start":{"line":30,"column":2},"end":{"line":32,"column":24}},"15":{"start":{"line":64,"column":2},"end":{"line":75,"column":4}},"16":{"start":{"line":65,"column":4},"end":{"line":72,"column":null}},"17":{"start":{"line":66,"column":6},"end":{"line":66,"column":57}},"18":{"start":{"line":67,"column":6},"end":{"line":70,"column":8}},"19":{"start":{"line":71,"column":6},"end":{"line":71,"column":13}},"20":{"start":{"line":73,"column":4},"end":{"line":73,"column":50}},"21":{"start":{"line":74,"column":4},"end":{"line":74,"column":59}},"22":{"start":{"line":77,"column":2},"end":{"line":83,"column":4}},"23":{"start":{"line":78,"column":4},"end":{"line":78,"column":23}},"24":{"start":{"line":79,"column":4},"end":{"line":82,"column":null}},"25":{"start":{"line":80,"column":6},"end":{"line":80,"column":75}},"26":{"start":{"line":81,"column":6},"end":{"line":81,"column":26}},"27":{"start":{"line":35,"column":4},"end":{"line":38,"column":13}},"28":{"start":{"line":36,"column":6},"end":{"line":36,"column":29}},"29":{"start":{"line":37,"column":6},"end":{"line":37,"column":27}},"30":{"start":{"line":41,"column":8},"end":{"line":48,"column":null}},"31":{"start":{"line":42,"column":22},"end":{"line":42,"column":null}},"32":{"start":{"line":42,"column":10},"end":{"line":42,"column":null}},"33":{"start":{"line":43,"column":18},"end":{"line":43,"column":null}},"34":{"start":{"line":43,"column":10},"end":{"line":43,"column":null}},"35":{"start":{"line":44,"column":4},"end":{"line":44,"column":null}},"36":{"start":{"line":45,"column":4},"end":{"line":47,"column":null}},"37":{"start":{"line":46,"column":6},"end":{"line":46,"column":null}},"38":{"start":{"line":50,"column":2},"end":{"line":62,"column":null}},"39":{"start":{"line":50,"column":2},"end":{"line":50,"column":15}},"40":{"start":{"line":51,"column":4},"end":{"line":57,"column":7}},"41":{"start":{"line":52,"column":6},"end":{"line":54,"column":8}},"42":{"start":{"line":55,"column":6},"end":{"line":55,"column":30}},"43":{"start":{"line":56,"column":6},"end":{"line":56,"column":31}},"44":{"start":{"line":59,"column":4},"end":{"line":61,"column":52}},"45":{"start":{"line":85,"column":2},"end":{"line":92,"column":null}},"46":{"start":{"line":86,"column":4},"end":{"line":91,"column":null}},"47":{"start":{"line":87,"column":6},"end":{"line":87,"column":42}},"48":{"start":{"line":88,"column":6},"end":{"line":88,"column":49}},"49":{"start":{"line":90,"column":6},"end":{"line":90,"column":41}},"50":{"start":{"line":94,"column":2},"end":{"line":124,"column":null}},"51":{"start":{"line":94,"column":2},"end":{"line":94,"column":14}},"52":{"start":{"line":95,"column":20},"end":{"line":95,"column":51}},"53":{"start":{"line":96,"column":17},"end":{"line":100,"column":6}},"54":{"start":{"line":101,"column":20},"end":{"line":110,"column":6}},"55":{"start":{"line":112,"column":4},"end":{"line":123,"column":9}},"56":{"start":{"line":114,"column":8},"end":{"line":118,"column":null}},"57":{"start":{"line":115,"column":10},"end":{"line":115,"column":31}},"58":{"start":{"line":117,"column":10},"end":{"line":117,"column":29}},"59":{"start":{"line":121,"column":8},"end":{"line":121,"column":29}},"60":{"start":{"line":122,"column":8},"end":{"line":122,"column":27}},"61":{"start":{"line":126,"column":2},"end":{"line":130,"column":null}},"62":{"start":{"line":127,"column":4},"end":{"line":127,"column":48}},"63":{"start":{"line":128,"column":4},"end":{"line":128,"column":58}},"64":{"start":{"line":129,"column":4},"end":{"line":129,"column":23}},"65":{"start":{"line":132,"column":2},"end":{"line":135,"column":null}},"66":{"start":{"line":133,"column":4},"end":{"line":133,"column":44}},"67":{"start":{"line":134,"column":4},"end":{"line":134,"column":23}},"68":{"start":{"line":137,"column":2},"end":{"line":142,"column":null}},"69":{"start":{"line":138,"column":4},"end":{"line":138,"column":30}},"70":{"start":{"line":139,"column":4},"end":{"line":139,"column":32}},"71":{"start":{"line":140,"column":4},"end":{"line":140,"column":57}},"72":{"start":{"line":141,"column":4},"end":{"line":141,"column":39}},"73":{"start":{"line":143,"column":0},"end":{"line":143,"column":null}},"74":{"start":{"line":6,"column":13},"end":{"line":6,"column":24}},"75":{"start":{"line":145,"column":0},"end":{"line":145,"column":18}}},"fnMap":{"0":{"name":"(anonymous_13)","decl":{"start":{"line":6,"column":0},"end":{"line":6,"column":13}},"loc":{"start":{"line":6,"column":0},"end":{"line":143,"column":null}}},"1":{"name":"FormPreLead","decl":{"start":{"line":34,"column":2},"end":{"line":34,"column":null}},"loc":{"start":{"line":34,"column":2},"end":{"line":39,"column":3}}},"2":{"name":"(anonymous_15)","decl":{"start":{"line":64,"column":21},"end":{"line":64,"column":null}},"loc":{"start":{"line":64,"column":21},"end":{"line":75,"column":3}}},"3":{"name":"(anonymous_16)","decl":{"start":{"line":77,"column":17},"end":{"line":77,"column":18}},"loc":{"start":{"line":77,"column":19},"end":{"line":83,"column":3}}},"4":{"name":"(anonymous_17)","decl":{"start":{"line":35,"column":15},"end":{"line":35,"column":null}},"loc":{"start":{"line":35,"column":15},"end":{"line":38,"column":5}}},"5":{"name":"(anonymous_18)","decl":{"start":{"line":41,"column":2},"end":{"line":41,"column":8}},"loc":{"start":{"line":41,"column":2},"end":{"line":48,"column":null}}},"6":{"name":"(anonymous_21)","decl":{"start":{"line":50,"column":2},"end":{"line":50,"column":15}},"loc":{"start":{"line":50,"column":2},"end":{"line":62,"column":3}}},"7":{"name":"(anonymous_22)","decl":{"start":{"line":51,"column":71},"end":{"line":51,"column":72}},"loc":{"start":{"line":51,"column":73},"end":{"line":57,"column":5}}},"8":{"name":"(anonymous_23)","decl":{"start":{"line":85,"column":2},"end":{"line":85,"column":19}},"loc":{"start":{"line":85,"column":2},"end":{"line":92,"column":3}}},"9":{"name":"(anonymous_24)","decl":{"start":{"line":94,"column":2},"end":{"line":94,"column":14}},"loc":{"start":{"line":94,"column":2},"end":{"line":124,"column":3}}},"10":{"name":"(anonymous_25)","decl":{"start":{"line":113,"column":12},"end":{"line":113,"column":13}},"loc":{"start":{"line":113,"column":21},"end":{"line":119,"column":7}}},"11":{"name":"(anonymous_26)","decl":{"start":{"line":120,"column":13},"end":{"line":120,"column":14}},"loc":{"start":{"line":120,"column":19},"end":{"line":123,"column":7}}},"12":{"name":"(anonymous_27)","decl":{"start":{"line":126,"column":2},"end":{"line":126,"column":15}},"loc":{"start":{"line":126,"column":2},"end":{"line":130,"column":3}}},"13":{"name":"(anonymous_28)","decl":{"start":{"line":132,"column":2},"end":{"line":132,"column":13}},"loc":{"start":{"line":132,"column":2},"end":{"line":135,"column":3}}},"14":{"name":"(anonymous_29)","decl":{"start":{"line":137,"column":2},"end":{"line":137,"column":13}},"loc":{"start":{"line":137,"column":2},"end":{"line":142,"column":3}}}},"branchMap":{"0":{"loc":{"start":{"line":65,"column":4},"end":{"line":72,"column":null}},"type":"if","locations":[{"start":{"line":65,"column":4},"end":{"line":72,"column":null}}]},"1":{"loc":{"start":{"line":79,"column":4},"end":{"line":82,"column":null}},"type":"if","locations":[{"start":{"line":79,"column":4},"end":{"line":82,"column":null}}]},"2":{"loc":{"start":{"line":79,"column":8},"end":{"line":79,"column":48}},"type":"binary-expr","locations":[{"start":{"line":79,"column":8},"end":{"line":79,"column":25}},{"start":{"line":79,"column":29},"end":{"line":79,"column":48}}]},"3":{"loc":{"start":{"line":42,"column":22},"end":{"line":42,"column":null}},"type":"switch","locations":[{"start":{"line":42,"column":22},"end":{"line":42,"column":null}}]},"4":{"loc":{"start":{"line":42,"column":33},"end":{"line":42,"column":61}},"type":"cond-expr","locations":[{"start":{"line":42,"column":54},"end":{"line":42,"column":56}},{"start":{"line":42,"column":54},"end":{"line":42,"column":61}}]},"5":{"loc":{"start":{"line":42,"column":33},"end":{"line":42,"column":56}},"type":"binary-expr","locations":[{"start":{"line":42,"column":33},"end":{"line":42,"column":56}},{"start":{"line":42,"column":54},"end":{"line":42,"column":56}}]},"6":{"loc":{"start":{"line":45,"column":4},"end":{"line":47,"column":null}},"type":"if","locations":[{"start":{"line":45,"column":4},"end":{"line":47,"column":null}}]},"7":{"loc":{"start":{"line":86,"column":4},"end":{"line":91,"column":null}},"type":"if","locations":[{"start":{"line":86,"column":4},"end":{"line":91,"column":null}},{"start":{"line":89,"column":11},"end":{"line":91,"column":null}}]},"8":{"loc":{"start":{"line":86,"column":8},"end":{"line":86,"column":48}},"type":"binary-expr","locations":[{"start":{"line":86,"column":8},"end":{"line":86,"column":25}},{"start":{"line":86,"column":29},"end":{"line":86,"column":48}}]},"9":{"loc":{"start":{"line":107,"column":19},"end":{"line":107,"column":47}},"type":"cond-expr","locations":[{"start":{"line":107,"column":40},"end":{"line":107,"column":42}},{"start":{"line":107,"column":40},"end":{"line":107,"column":47}}]},"10":{"loc":{"start":{"line":107,"column":19},"end":{"line":107,"column":42}},"type":"binary-expr","locations":[{"start":{"line":107,"column":19},"end":{"line":107,"column":42}},{"start":{"line":107,"column":40},"end":{"line":107,"column":42}}]},"11":{"loc":{"start":{"line":114,"column":8},"end":{"line":118,"column":null}},"type":"if","locations":[{"start":{"line":114,"column":8},"end":{"line":118,"column":null}},{"start":{"line":116,"column":15},"end":{"line":118,"column":null}}]},"12":{"loc":{"start":{"line":114,"column":12},"end":{"line":114,"column":59}},"type":"binary-expr","locations":[{"start":{"line":114,"column":12},"end":{"line":114,"column":34}},{"start":{"line":114,"column":38},"end":{"line":114,"column":59}}]}},"s":{"0":1,"1":1,"2":1,"3":1,"4":10,"5":10,"6":10,"7":10,"8":10,"9":10,"10":10,"11":10,"12":10,"13":10,"14":10,"15":10,"16":2,"17":1,"18":1,"19":1,"20":1,"21":1,"22":10,"23":0,"24":0,"25":0,"26":0,"27":10,"28":2,"29":2,"30":1,"31":2,"32":0,"33":0,"34":0,"35":0,"36":0,"37":0,"38":1,"39":2,"40":2,"41":0,"42":0,"43":0,"44":2,"45":1,"46":2,"47":1,"48":1,"49":1,"50":1,"51":0,"52":0,"53":0,"54":0,"55":0,"56":0,"57":0,"58":0,"59":0,"60":0,"61":1,"62":1,"63":1,"64":1,"65":1,"66":1,"67":1,"68":1,"69":3,"70":3,"71":3,"72":3,"73":1,"74":1,"75":1},"f":{"0":1,"1":10,"2":2,"3":0,"4":2,"5":2,"6":2,"7":0,"8":2,"9":0,"10":0,"11":0,"12":1,"13":1,"14":3},"b":{"0":[1],"1":[0],"2":[0,0],"3":[2],"4":[2,0],"5":[2,0],"6":[0],"7":[1,1],"8":[2,2],"9":[0,0],"10":[0,0],"11":[0,0],"12":[0,0]}}
,"/azp/_work/1/app/ui.frontend/src/main/webpack/components/PAN/Section/HIghLight/Highlight-CardTexto/Highlight-CardTexto.ts": {"path":"/azp/_work/1/app/ui.frontend/src/main/webpack/components/PAN/Section/HIghLight/Highlight-CardTexto/Highlight-CardTexto.ts","statementMap":{"0":{"start":{"line":1,"column":0},"end":{"line":1,"column":36}}},"fnMap":{},"branchMap":{},"s":{"0":0},"f":{},"b":{}}
,"/azp/_work/1/app/ui.frontend/src/main/webpack/components/PAN/Section/HIghLight/Highlight-Recovery/Highlight-Recovery.ts": {"path":"/azp/_work/1/app/ui.frontend/src/main/webpack/components/PAN/Section/HIghLight/Highlight-Recovery/Highlight-Recovery.ts","statementMap":{"0":{"start":{"line":1,"column":0},"end":{"line":1,"column":35}}},"fnMap":{},"branchMap":{},"s":{"0":0},"f":{},"b":{}}
,"/azp/_work/1/app/ui.frontend/src/main/webpack/components/PAN/Section/HIghLight/Highlight-TextoCentral/Highlight-TextoCentral.ts": {"path":"/azp/_work/1/app/ui.frontend/src/main/webpack/components/PAN/Section/HIghLight/Highlight-TextoCentral/Highlight-TextoCentral.ts","statementMap":{"0":{"start":{"line":1,"column":0},"end":{"line":1,"column":39}}},"fnMap":{},"branchMap":{},"s":{"0":0},"f":{},"b":{}}
,"/azp/_work/1/app/ui.frontend/src/main/webpack/components/PAN/Section/HIghLight/Highlight-Top/Highlight-Top.ts": {"path":"/azp/_work/1/app/ui.frontend/src/main/webpack/components/PAN/Section/HIghLight/Highlight-Top/Highlight-Top.ts","statementMap":{"0":{"start":{"line":1,"column":0},"end":{"line":1,"column":30}}},"fnMap":{},"branchMap":{},"s":{"0":0},"f":{},"b":{}}
,"/azp/_work/1/app/ui.frontend/src/main/webpack/components/PAN/Section/Imagem/Imagem/Section-Imagem.ts": {"path":"/azp/_work/1/app/ui.frontend/src/main/webpack/components/PAN/Section/Imagem/Imagem/Section-Imagem.ts","statementMap":{"0":{"start":{"line":1,"column":0},"end":{"line":1,"column":31}}},"fnMap":{},"branchMap":{},"s":{"0":0},"f":{},"b":{}}
,"/azp/_work/1/app/ui.frontend/src/main/webpack/components/PAN/Section/Imagem/Imagem-ImagemVideo/Imagem-ImagemVideo.ts": {"path":"/azp/_work/1/app/ui.frontend/src/main/webpack/components/PAN/Section/Imagem/Imagem-ImagemVideo/Imagem-ImagemVideo.ts","statementMap":{"0":{"start":{"line":1,"column":0},"end":{"line":1,"column":35}}},"fnMap":{},"branchMap":{},"s":{"0":0},"f":{},"b":{}}
,"/azp/_work/1/app/ui.frontend/src/main/webpack/components/PAN/Section/Imagem/Imagem-MetadeImagem-TextoCentral/Imagem-MetadeImagem-TextoCentral.ts": {"path":"/azp/_work/1/app/ui.frontend/src/main/webpack/components/PAN/Section/Imagem/Imagem-MetadeImagem-TextoCentral/Imagem-MetadeImagem-TextoCentral.ts","statementMap":{"0":{"start":{"line":1,"column":0},"end":{"line":1,"column":49}}},"fnMap":{},"branchMap":{},"s":{"0":0},"f":{},"b":{}}
,"/azp/_work/1/app/ui.frontend/src/main/webpack/components/PAN/Section/Imagem/Imagem-PassoAPasso/Imagem-PassoAPasso.ts": {"path":"/azp/_work/1/app/ui.frontend/src/main/webpack/components/PAN/Section/Imagem/Imagem-PassoAPasso/Imagem-PassoAPasso.ts","statementMap":{"0":{"start":{"line":1,"column":0},"end":{"line":1,"column":35}}},"fnMap":{},"branchMap":{},"s":{"0":0},"f":{},"b":{}}
,"/azp/_work/1/app/ui.frontend/src/main/webpack/components/PAN/Section/Intro/Formulario-Dinamico-Imagem-Inteira-Lead/Formulario-Dinamico-Imagem-Inteira-Lead.ts": {"path":"/azp/_work/1/app/ui.frontend/src/main/webpack/components/PAN/Section/Intro/Formulario-Dinamico-Imagem-Inteira-Lead/Formulario-Dinamico-Imagem-Inteira-Lead.ts","statementMap":{"0":{"start":{"line":1,"column":0},"end":{"line":1,"column":56}}},"fnMap":{},"branchMap":{},"s":{"0":0},"f":{},"b":{}}
,"/azp/_work/1/app/ui.frontend/src/main/webpack/components/PAN/Section/Intro/Intro/Section-Intro.ts": {"path":"/azp/_work/1/app/ui.frontend/src/main/webpack/components/PAN/Section/Intro/Intro/Section-Intro.ts","statementMap":{"0":{"start":{"line":1,"column":0},"end":{"line":1,"column":30}}},"fnMap":{},"branchMap":{},"s":{"0":0},"f":{},"b":{}}
,"/azp/_work/1/app/ui.frontend/src/main/webpack/components/PAN/Section/Intro/Intro-ImagemInteira/Section-Intro.ImagemInteira.ts": {"path":"/azp/_work/1/app/ui.frontend/src/main/webpack/components/PAN/Section/Intro/Intro-ImagemInteira/Section-Intro.ImagemInteira.ts","statementMap":{"0":{"start":{"line":1,"column":0},"end":{"line":1,"column":44}}},"fnMap":{},"branchMap":{},"s":{"0":0},"f":{},"b":{}}
,"/azp/_work/1/app/ui.frontend/src/main/webpack/components/PAN/Section/Intro/Intro-ImagemInteira-Video/Section-Intro-ImagemInteira.Video.ts": {"path":"/azp/_work/1/app/ui.frontend/src/main/webpack/components/PAN/Section/Intro/Intro-ImagemInteira-Video/Section-Intro-ImagemInteira.Video.ts","statementMap":{"0":{"start":{"line":1,"column":0},"end":{"line":1,"column":50}}},"fnMap":{},"branchMap":{},"s":{"0":0},"f":{},"b":{}}
[...]
:{"start":{"line":519,"column":4},"end":{"line":519,"column":34}},"281":{"start":{"line":520,"column":4},"end":{"line":520,"column":32}},"282":{"start":{"line":521,"column":4},"end":{"line":521,"column":38}},"283":{"start":{"line":523,"column":0},"end":{"line":523,"column":null}},"284":{"start":{"line":11,"column":13},"end":{"line":11,"column":48}},"285":{"start":{"line":525,"column":0},"end":{"line":525,"column":42}}},"fnMap":{"0":{"name":"(anonymous_13)","decl":{"start":{"line":11,"column":0},"end":{"line":11,"column":13}},"loc":{"start":{"line":11,"column":0},"end":{"line":523,"column":null}}},"1":{"name":"FormularioDinamicoImagemInteiraLead","decl":{"start":{"line":77,"column":2},"end":{"line":77,"column":null}},"loc":{"start":{"line":77,"column":2},"end":{"line":92,"column":3}}},"2":{"name":"(anonymous_15)","decl":{"start":{"line":50,"column":4},"end":{"line":50,"column":5}},"loc":{"start":{"line":50,"column":8},"end":{"line":50,"column":16}}},"3":{"name":"(anonymous_16)","decl":{"start":{"line":331,"column":16},"end":{"line":331,"column":17}},"loc":{"start":{"line":331,"column":18},"end":{"line":352,"column":3}}},"4":{"name":"(anonymous_17)","decl":{"start":{"line":354,"column":17},"end":{"line":354,"column":18}},"loc":{"start":{"line":354,"column":19},"end":{"line":375,"column":3}}},"5":{"name":"(anonymous_18)","decl":{"start":{"line":377,"column":22},"end":{"line":377,"column":23}},"loc":{"start":{"line":377,"column":24},"end":{"line":398,"column":3}}},"6":{"name":"(anonymous_19)","decl":{"start":{"line":450,"column":17},"end":{"line":450,"column":18}},"loc":{"start":{"line":450,"column":19},"end":{"line":453,"column":3}}},"7":{"name":"(anonymous_20)","decl":{"start":{"line":78,"column":15},"end":{"line":78,"column":null}},"loc":{"start":{"line":78,"column":15},"end":{"line":91,"column":5}}},"8":{"name":"(anonymous_21)","decl":{"start":{"line":94,"column":2},"end":{"line":94,"column":8}},"loc":{"start":{"line":94,"column":2},"end":{"line":103,"column":null}}},"9":{"name":"(anonymous_24)","decl":{"start":{"line":107,"column":2},"end":{"line":107,"column":19}},"loc":{"start":{"line":107,"column":2},"end":{"line":114,"column":3}}},"10":{"name":"(anonymous_25)","decl":{"start":{"line":109,"column":69},"end":{"line":109,"column":70}},"loc":{"start":{"line":109,"column":71},"end":{"line":112,"column":7}}},"11":{"name":"(anonymous_26)","decl":{"start":{"line":116,"column":2},"end":{"line":116,"column":23}},"loc":{"start":{"line":116,"column":2},"end":{"line":125,"column":3}}},"12":{"name":"(anonymous_27)","decl":{"start":{"line":120,"column":34},"end":{"line":120,"column":35}},"loc":{"start":{"line":120,"column":36},"end":{"line":123,"column":9}}},"13":{"name":"(anonymous_28)","decl":{"start":{"line":127,"column":2},"end":{"line":127,"column":23}},"loc":{"start":{"line":127,"column":2},"end":{"line":136,"column":3}}},"14":{"name":"(anonymous_29)","decl":{"start":{"line":131,"column":34},"end":{"line":131,"column":35}},"loc":{"start":{"line":131,"column":36},"end":{"line":134,"column":9}}},"15":{"name":"(anonymous_30)","decl":{"start":{"line":138,"column":2},"end":{"line":138,"column":20}},"loc":{"start":{"line":138,"column":2},"end":{"line":150,"column":3}}},"16":{"name":"(anonymous_31)","decl":{"start":{"line":140,"column":70},"end":{"line":140,"column":71}},"loc":{"start":{"line":140,"column":72},"end":{"line":148,"column":7}}},"17":{"name":"(anonymous_32)","decl":{"start":{"line":152,"column":2},"end":{"line":152,"column":23}},"loc":{"start":{"line":152,"column":2},"end":{"line":167,"column":3}}},"18":{"name":"(anonymous_33)","decl":{"start":{"line":154,"column":70},"end":{"line":154,"column":71}},"loc":{"start":{"line":154,"column":72},"end":{"line":164,"column":7}}},"19":{"name":"(anonymous_34)","decl":{"start":{"line":169,"column":2},"end":{"line":169,"column":18}},"loc":{"start":{"line":169,"column":2},"end":{"line":177,"column":3}}},"20":{"name":"(anonymous_35)","decl":{"start":{"line":171,"column":68},"end":{"line":171,"column":69}},"loc":{"start":{"line":171,"column":70},"end":{"line":174,"column":7}}},"21":{"name":"(anonymous_36)","decl":{"start":{"line":179,"column":2},"end":{"line":179,"column":19}},"loc":{"start":{"line":179,"column":2},"end":{"line":187,"column":3}}},"22":{"name":"(anonymous_37)","decl":{"start":{"line":181,"column":69},"end":{"line":181,"column":70}},"loc":{"start":{"line":181,"column":71},"end":{"line":184,"column":7}}},"23":{"name":"(anonymous_38)","decl":{"start":{"line":189,"column":2},"end":{"line":189,"column":24}},"loc":{"start":{"line":189,"column":2},"end":{"line":199,"column":3}}},"24":{"name":"(anonymous_39)","decl":{"start":{"line":193,"column":34},"end":{"line":193,"column":35}},"loc":{"start":{"line":193,"column":36},"end":{"line":196,"column":9}}},"25":{"name":"(anonymous_40)","decl":{"start":{"line":201,"column":2},"end":{"line":201,"column":23}},"loc":{"start":{"line":201,"column":2},"end":{"line":210,"column":3}}},"26":{"name":"(anonymous_41)","decl":{"start":{"line":205,"column":35},"end":{"line":205,"column":36}},"loc":{"start":{"line":205,"column":37},"end":{"line":208,"column":9}}},"27":{"name":"(anonymous_42)","decl":{"start":{"line":214,"column":2},"end":{"line":214,"column":18}},"loc":{"start":{"line":214,"column":2},"end":{"line":226,"column":3}}},"28":{"name":"(anonymous_43)","decl":{"start":{"line":228,"column":2},"end":{"line":228,"column":14}},"loc":{"start":{"line":228,"column":2},"end":{"line":249,"column":3}}},"29":{"name":"(anonymous_44)","decl":{"start":{"line":251,"column":2},"end":{"line":251,"column":18}},"loc":{"start":{"line":251,"column":2},"end":{"line":268,"column":3}}},"30":{"name":"(anonymous_45)","decl":{"start":{"line":270,"column":2},"end":{"line":270,"column":18}},"loc":{"start":{"line":270,"column":2},"end":{"line":288,"column":3}}},"31":{"name":"(anonymous_46)","decl":{"start":{"line":290,"column":2},"end":{"line":290,"column":18}},"loc":{"start":{"line":290,"column":2},"end":{"line":308,"column":3}}},"32":{"name":"(anonymous_47)","decl":{"start":{"line":310,"column":2},"end":{"line":310,"column":17}},"loc":{"start":{"line":310,"column":2},"end":{"line":329,"column":3}}},"33":{"name":"(anonymous_48)","decl":{"start":{"line":402,"column":2},"end":{"line":402,"column":14}},"loc":{"start":{"line":402,"column":2},"end":{"line":407,"column":3}}},"34":{"name":"(anonymous_49)","decl":{"start":{"line":403,"column":46},"end":{"line":403,"column":47}},"loc":{"start":{"line":403,"column":53},"end":{"line":406,"column":5}}},"35":{"name":"(anonymous_50)","decl":{"start":{"line":409,"column":2},"end":{"line":409,"column":12}},"loc":{"start":{"line":409,"column":2},"end":{"line":414,"column":3}}},"36":{"name":"(anonymous_51)","decl":{"start":{"line":410,"column":44},"end":{"line":410,"column":45}},"loc":{"start":{"line":410,"column":51},"end":{"line":413,"column":5}}},"37":{"name":"(anonymous_52)","decl":{"start":{"line":416,"column":2},"end":{"line":416,"column":13}},"loc":{"start":{"line":416,"column":2},"end":{"line":421,"column":3}}},"38":{"name":"(anonymous_53)","decl":{"start":{"line":417,"column":45},"end":{"line":417,"column":46}},"loc":{"start":{"line":417,"column":52},"end":{"line":420,"column":5}}},"39":{"name":"(anonymous_54)","decl":{"start":{"line":423,"column":2},"end":{"line":423,"column":18}},"loc":{"start":{"line":423,"column":2},"end":{"line":428,"column":3}}},"40":{"name":"(anonymous_55)","decl":{"start":{"line":424,"column":50},"end":{"line":424,"column":51}},"loc":{"start":{"line":424,"column":57},"end":{"line":427,"column":5}}},"41":{"name":"(anonymous_56)","decl":{"start":{"line":430,"column":2},"end":{"line":430,"column":23}},"loc":{"start":{"line":430,"column":2},"end":{"line":433,"column":3}}},"42":{"name":"(anonymous_57)","decl":{"start":{"line":437,"column":2},"end":{"line":437,"column":19}},"loc":{"start":{"line":437,"column":2},"end":{"line":446,"column":3}}},"43":{"name":"(anonymous_58)","decl":{"start":{"line":441,"column":6},"end":{"line":441,"column":7}},"loc":{"start":{"line":441,"column":10},"end":{"line":441,"column":18}}},"44":{"name":"(anonymous_59)","decl":{"start":{"line":455,"column":2},"end":{"line":455,"column":14}},"loc":{"start":{"line":455,"column":2},"end":{"line":479,"column":3}}},"45":{"name":"(anonymous_60)","decl":{"start":{"line":469,"column":12},"end":{"line":469,"column":13}},"loc":{"start":{"line":469,"column":21},"end":{"line":475,"column":7}}},"46":{"name":"(anonymous_61)","decl":{"start":{"line":476,"column":13},"end":{"line":476,"column":null}},"loc":{"start":{"line":476,"column":13},"end":{"line":478,"column":7}}},"47":{"name":"(anonymous_62)","decl":{"start":{"line":483,"column":2},"end":{"line":483,"column":15}},"loc":{"start":{"line":483,"column":2},"end":{"line":487,"column":3}}},"48":{"name":"(anonymous_63)","decl":{"start":{"line":489,"column":2},"end":{"line":489,"column":13}},"loc":{"start":{"line":489,"column":2},"end":{"line":492,"column":3}}},"49":{"name":"(anonymous_64)","decl":{"start":{"line":496,"column":2},"end":{"line":496,"column":13}},"loc":{"start":{"line":496,"column":2},"end":{"line":522,"column":3}}},"50":{"name":"(anonymous_65)","decl":{"start":{"line":506,"column":26},"end":{"line":506,"column":27}},"loc":{"start":{"line":506,"column":39},"end":{"line":508,"column":5}}},"51":{"name":"(anonymous_66)","decl":{"start":{"line":510,"column":31},"end":{"line":510,"column":32}},"loc":{"start":{"line":510,"column":47},"end":{"line":512,"column":5}}}},"branchMap":{"0":{"loc":{"start":{"line":339,"column":4},"end":{"line":346,"column":null}},"type":"if","locations":[{"start":{"line":339,"column":4},"end":{"line":346,"column":null}}]},"1":{"loc":{"start":{"line":362,"column":4},"end":{"line":369,"column":null}},"type":"if","locations":[{"start":{"line":362,"column":4},"end":{"line":369,"column":null}}]},"2":{"loc":{"start":{"line":385,"column":4},"end":{"line":392,"column":null}},"type":"if","locations":[{"start":{"line":385,"column":4},"end":{"line":392,"column":null}}]},"3":{"loc":{"start":{"line":95,"column":22},"end":{"line":97,"column":null}},"type":"switch","locations":[{"start":{"line":95,"column":22},"end":{"line":97,"column":null}}]},"4":{"loc":{"start":{"line":95,"column":33},"end":{"line":95,"column":73}},"type":"cond-expr","locations":[{"start":{"line":95,"column":66},"end":{"line":95,"column":68}},{"start":{"line":95,"column":66},"end":{"line":95,"column":73}}]},"5":{"loc":{"start":{"line":95,"column":33},"end":{"line":95,"column":68}},"type":"binary-expr","locations":[{"start":{"line":95,"column":33},"end":{"line":95,"column":68}},{"start":{"line":95,"column":66},"end":{"line":95,"column":68}}]},"6":{"loc":{"start":{"line":100,"column":4},"end":{"line":102,"column":null}},"type":"if","locations":[{"start":{"line":100,"column":4},"end":{"line":102,"column":null}}]},"7":{"loc":{"start":{"line":108,"column":4},"end":{"line":113,"column":null}},"type":"if","locations":[{"start":{"line":108,"column":4},"end":{"line":113,"column":null}}]},"8":{"loc":{"start":{"line":117,"column":4},"end":{"line":124,"column":null}},"type":"if","locations":[{"start":{"line":117,"column":4},"end":{"line":124,"column":null}}]},"9":{"loc":{"start":{"line":128,"column":4},"end":{"line":135,"column":null}},"type":"if","locations":[{"start":{"line":128,"column":4},"end":{"line":135,"column":null}}]},"10":{"loc":{"start":{"line":139,"column":4},"end":{"line":149,"column":null}},"type":"if","locations":[{"start":{"line":139,"column":4},"end":{"line":149,"column":null}}]},"11":{"loc":{"start":{"line":153,"column":4},"end":{"line":166,"column":null}},"type":"if","locations":[{"start":{"line":153,"column":4},"end":{"line":166,"column":null}}]},"12":{"loc":{"start":{"line":170,"column":4},"end":{"line":176,"column":null}},"type":"if","locations":[{"start":{"line":170,"column":4},"end":{"line":176,"column":null}}]},"13":{"loc":{"start":{"line":180,"column":4},"end":{"line":186,"column":null}},"type":"if","locations":[{"start":{"line":180,"column":4},"end":{"line":186,"column":null}}]},"14":{"loc":{"start":{"line":190,"column":4},"end":{"line":198,"column":null}},"type":"if","locations":[{"start":{"line":190,"column":4},"end":{"line":198,"column":null}}]},"15":{"loc":{"start":{"line":202,"column":4},"end":{"line":209,"column":null}},"type":"if","locations":[{"start":{"line":202,"column":4},"end":{"line":209,"column":null}}]},"16":{"loc":{"start":{"line":216,"column":4},"end":{"line":224,"column":null}},"type":"if","locations":[{"start":{"line":216,"column":4},"end":{"line":224,"column":null}}]},"17":{"loc":{"start":{"line":217,"column":6},"end":{"line":223,"column":null}},"type":"if","locations":[{"start":{"line":217,"column":6},"end":{"line":223,"column":null}},{"start":{"line":220,"column":13},"end":{"line":223,"column":null}}]},"18":{"loc":{"start":{"line":232,"column":4},"end":{"line":245,"column":null}},"type":"if","locations":[{"start":{"line":232,"column":4},"end":{"line":245,"column":null}}]},"19":{"loc":{"start":{"line":233,"column":6},"end":{"line":241,"column":null}},"type":"if","locations":[{"start":{"line":233,"column":6},"end":{"line":241,"column":null}}]},"20":{"loc":{"start":{"line":252,"column":4},"end":{"line":260,"column":null}},"type":"if","locations":[{"start":{"line":252,"column":4},"end":{"line":260,"column":null}}]},"21":{"loc":{"start":{"line":271,"column":4},"end":{"line":284,"column":null}},"type":"if","locations":[{"start":{"line":271,"column":4},"end":{"line":284,"column":null}}]},"22":{"loc":{"start":{"line":272,"column":6},"end":{"line":280,"column":null}},"type":"if","locations":[{"start":{"line":272,"column":6},"end":{"line":280,"column":null}}]},"23":{"loc":{"start":{"line":291,"column":4},"end":{"line":304,"column":null}},"type":"if","locations":[{"start":{"line":291,"column":4},"end":{"line":304,"column":null}}]},"24":{"loc":{"start":{"line":292,"column":6},"end":{"line":300,"column":null}},"type":"if","locations":[{"start":{"line":292,"column":6},"end":{"line":300,"column":null}}]},"25":{"loc":{"start":{"line":314,"column":4},"end":{"line":321,"column":null}},"type":"if","locations":[{"start":{"line":314,"column":4},"end":{"line":321,"column":null}}]},"26":{"loc":{"start":{"line":443,"column":4},"end":{"line":445,"column":null}},"type":"if","locations":[{"start":{"line":443,"column":4},"end":{"line":445,"column":null}}]},"27":{"loc":{"start":{"line":463,"column":19},"end":{"line":463,"column":59}},"type":"cond-expr","locations":[{"start":{"line":463,"column":52},"end":{"line":463,"column":54}},{"start":{"line":463,"column":52},"end":{"line":463,"column":59}}]},"28":{"loc":{"start":{"line":463,"column":19},"end":{"line":463,"column":54}},"type":"binary-expr","locations":[{"start":{"line":463,"column":19},"end":{"line":463,"column":54}},{"start":{"line":463,"column":52},"end":{"line":463,"column":54}}]},"29":{"loc":{"start":{"line":470,"column":8},"end":{"line":474,"column":null}},"type":"if","locations":[{"start":{"line":470,"column":8},"end":{"line":474,"column":null}},{"start":{"line":472,"column":15},"end":{"line":474,"column":null}}]},"30":{"loc":{"start":{"line":470,"column":12},"end":{"line":470,"column":59}},"type":"binary-expr","locations":[{"start":{"line":470,"column":12},"end":{"line":470,"column":34}},{"start":{"line":470,"column":38},"end":{"line":470,"column":59}}]}},"s":{"0":0,"1":0,"2":0,"3":0,"4":0,"5":0,"6":0,"7":0,"8":0,"9":0,"10":0,"11":0,"12":0,"13":0,"14":0,"15":0,"16":0,"17":0,"18":0,"19":0,"20":0,"21":0,"22":0,"23":0,"24":0,"25":0,"26":0,"27":0,"28":0,"29":0,"30":0,"31":0,"32":0,"33":0,"34":0,"35":0,"36":0,"37":0,"38":0,"39":0,"40":0,"41":0,"42":0,"43":0,"44":0,"45":0,"46":0,"47":0,"48":0,"49":0,"50":0,"51":0,"52":0,"53":0,"54":0,"55":0,"56":0,"57":0,"58":0,"59":0,"60":0,"61":0,"62":0,"63":0,"64":0,"65":0,"66":0,"67":0,"68":0,"69":0,"70":0,"71":0,"72":0,"73":0,"74":0,"75":0,"76":0,"77":0,"78":0,"79":0,"80":0,"81":0,"82":0,"83":0,"84":0,"85":0,"86":0,"87":0,"88":0,"89":0,"90":0,"91":0,"92":0,"93":0,"94":0,"95":0,"96":0,"97":0,"98":0,"99":0,"100":0,"101":0,"102":0,"103":0,"104":0,"105":0,"106":0,"107":0,"108":0,"109":0,"110":0,"111":0,"112":0,"113":0,"114":0,"115":0,"116":0,"117":0,"118":0,"119":0,"120":0,"121":0,"122":0,"123":0,"124":0,"125":0,"126":0,"127":0,"128":0,"129":0,"130":0,"131":0,"132":0,"133":0,"134":0,"135":0,"136":0,"137":0,"138":0,"139":0,"140":0,"141":0,"142":0,"143":0,"144":0,"145":0,"146":0,"147":0,"148":0,"149":0,"150":0,"151":0,"152":0,"153":0,"154":0,"155":0,"156":0,"157":0,"158":0,"159":0,"160":0,"161":0,"162":0,"163":0,"164":0,"165":0,"166":0,"167":0,"168":0,"169":0,"170":0,"171":0,"172":0,"173":0,"174":0,"175":0,"176":0,"177":0,"178":0,"179":0,"180":0,"181":0,"182":0,"183":0,"184":0,"185":0,"186":0,"187":0,"188":0,"189":0,"190":0,"191":0,"192":0,"193":0,"194":0,"195":0,"196":0,"197":0,"198":0,"199":0,"200":0,"201":0,"202":0,"203":0,"204":0,"205":0,"206":0,"207":0,"208":0,"209":0,"210":0,"211":0,"212":0,"213":0,"214":0,"215":0,"216":0,"217":0,"218":0,"219":0,"220":0,"221":0,"222":0,"223":0,"224":0,"225":0,"226":0,"227":0,"228":0,"229":0,"230":0,"231":0,"232":0,"233":0,"234":0,"235":0,"236":0,"237":0,"238":0,"239":0,"240":0,"241":0,"242":0,"243":0,"244":0,"245":0,"246":0,"247":0,"248":0,"249":0,"250":0,"251":0,"252":0,"253":0,"254":0,"255":0,"256":0,"257":0,"258":0,"259":0,"260":0,"261":0,"262":0,"263":0,"264":0,"265":0,"266":0,"267":0,"268":0,"269":0,"270":0,"271":0,"272":0,"273":0,"274":0,"275":0,"276":0,"277":0,"278":0,"279":0,"280":0,"281":0,"282":0,"283":0,"284":0,"285":0},"f":{"0":0,"1":0,"2":0,"3":0,"4":0,"5":0,"6":0,"7":0,"8":0,"9":0,"10":0,"11":0,"12":0,"13":0,"14":0,"15":0,"16":0,"17":0,"18":0,"19":0,"20":0,"21":0,"22":0,"23":0,"24":0,"25":0,"26":0,"27":0,"28":0,"29":0,"30":0,"31":0,"32":0,"33":0,"34":0,"35":0,"36":0,"37":0,"38":0,"39":0,"40":0,"41":0,"42":0,"43":0,"44":0,"45":0,"46":0,"47":0,"48":0,"49":0,"50":0,"51":0},"b":{"0":[0],"1":[0],"2":[0],"3":[0],"4":[0,0],"5":[0,0],"6":[0],"7":[0],"8":[0],"9":[0],"10":[0],"11":[0],"12":[0],"13":[0],"14":[0],"15":[0],"16":[0],"17":[0,0],"18":[0],"19":[0],"20":[0],"21":[0],"22":[0],"23":[0],"24":[0],"25":[0],"26":[0],"27":[0,0],"28":[0,0],"29":[0,0],"30":[0,0]}}
,"/azp/_work/1/app/ui.frontend/src/main/webpack/components/PAN/shared/Imagem-Dinamica/Imagem-Dinamica.ts": {"path":"/azp/_work/1/app/ui.frontend/src/main/webpack/components/PAN/shared/Imagem-Dinamica/Imagem-Dinamica.ts","statementMap":{"0":{"start":{"line":1,"column":0},"end":{"line":1,"column":32}}},"fnMap":{},"branchMap":{},"s":{"0":0},"f":{},"b":{}}
,"/azp/_work/1/app/ui.frontend/src/main/webpack/components/PAN/shared/Mahoe-Alert/Mahoe-Alert.ts": {"path":"/azp/_work/1/app/ui.frontend/src/main/webpack/components/PAN/shared/Mahoe-Alert/Mahoe-Alert.ts","statementMap":{"0":{"start":{"line":1,"column":0},"end":{"line":1,"column":28}}},"fnMap":{},"branchMap":{},"s":{"0":0},"f":{},"b":{}}
,"/azp/_work/1/app/ui.frontend/src/main/webpack/components/PAN/shared/Mahoe-Badge/Mahoe-Badge.ts": {"path":"/azp/_work/1/app/ui.frontend/src/main/webpack/components/PAN/shared/Mahoe-Badge/Mahoe-Badge.ts","statementMap":{"0":{"start":{"line":1,"column":0},"end":{"line":1,"column":28}}},"fnMap":{},"branchMap":{},"s":{"0":0},"f":{},"b":{}}
,"/azp/_work/1/app/ui.frontend/src/main/webpack/components/PAN/shared/Passo-A-Passo-Vertical/Passo-A-Passo-Vertical.ts": {"path":"/azp/_work/1/app/ui.frontend/src/main/webpack/components/PAN/shared/Passo-A-Passo-Vertical/Passo-A-Passo-Vertical.ts","statementMap":{"0":{"start":{"line":1,"column":0},"end":{"line":1,"column":38}}},"fnMap":{},"branchMap":{},"s":{"0":0},"f":{},"b":{}}
,"/azp/_work/1/app/ui.frontend/src/main/webpack/components/componente-exemplo/componente-exemplo.js": {"path":"/azp/_work/1/app/ui.frontend/src/main/webpack/components/componente-exemplo/componente-exemplo.js","statementMap":{"0":{"start":{"line":1,"column":0},"end":{"line":1,"column":35}},"1":{"start":{"line":3,"column":0},"end":{"line":3,"column":27}}},"fnMap":{},"branchMap":{},"s":{"0":0,"1":0},"f":{},"b":{}}
}
