TN:
SF:src/main/webpack/components/AEM/_helloworld.js
FN:4,(anonymous_0)
FN:17,HelloWorld
FN:19,init
FN:48,onDocumentReady
FN:56,(anonymous_4)
FN:57,(anonymous_5)
FN:61,(anonymous_6)
FN:64,(anonymous_7)
FNF:8
FNH:0
FNDA:0,(anonymous_0)
FNDA:0,HelloWorld
FNDA:0,init
FNDA:0,onDocumentReady
FNDA:0,(anonymous_4)
FNDA:0,(anonymous_5)
FNDA:0,(anonymous_6)
FNDA:0,(anonymous_7)
DA:4,0
DA:11,0
DA:23,0
DA:25,0
DA:26,0
DA:28,0
DA:29,0
DA:31,0
DA:32,0
DA:40,0
DA:41,0
DA:49,0
DA:50,0
DA:51,0
DA:54,0
DA:55,0
DA:56,0
DA:57,0
DA:59,0
DA:60,0
DA:61,0
DA:62,0
DA:63,0
DA:64,0
DA:65,0
DA:73,0
DA:80,0
DA:81,0
DA:83,0
LF:29
LH:0
BRDA:26,0,0,0
BRDA:26,0,1,0
BRDA:29,1,0,0
BRDA:29,1,1,0
BRDA:31,2,0,0
BRDA:31,3,0,0
BRDA:31,3,1,0
BRDA:40,4,0,0
BRDA:40,5,0,0
BRDA:40,5,1,0
BRDA:54,6,0,0
BRDA:54,6,1,0
BRDA:54,6,2,0
BRDA:60,7,0,0
BRDA:62,8,0,0
BRDA:80,9,0,0
BRDA:80,9,1,0
BRF:17
BRH:0
end_of_record
TN:
SF:src/main/webpack/components/AEM/breadcrumb/breadcrumb.ts
FNF:0
FNH:0
DA:1,0
LF:1
LH:0
BRF:0
BRH:0
end_of_record
TN:
SF:src/main/webpack/components/PAN/Section/Cards/Card-Carrossel-CardCentral/Card-Carrossel-CardCentral.ts
FN:5,(anonymous_0)
FN:6,(anonymous_1)
FNF:2
FNH:1
FNDA:4,(anonymous_0)
FNDA:0,(anonymous_1)
DA:1,4
DA:2,4
DA:3,4
DA:5,4
DA:6,4
DA:7,0
DA:8,0
DA:9,0
DA:10,0
DA:12,0
LF:10
LH:5
BRF:0
BRH:0
end_of_record
TN:
SF:src/main/webpack/components/PAN/Section/Cards/Card-Carrossel-CardLateral/Card-Carrossel-CardLateral.ts
FN:5,(anonymous_0)
FN:6,(anonymous_1)
FNF:2
FNH:1
FNDA:5,(anonymous_0)
FNDA:0,(anonymous_1)
DA:1,5
DA:2,5
DA:3,5
DA:5,5
DA:6,5
DA:7,0
DA:8,0
DA:9,0
DA:10,0
DA:12,0
LF:10
LH:5
BRF:0
BRH:0
end_of_record
TN:
SF:src/main/webpack/components/PAN/Section/Cards/Card-Carrossel-CardMosaico-Imagem/Card-Carrossel-CardMosaico-Imagem.ts
FN:5,(anonymous_0)
FN:6,CardCarrosselCardMosaicoImagem
FNF:2
FNH:1
FNDA:1,(anonymous_0)
FNDA:0,CardCarrosselCardMosaicoImagem
DA:1,1
DA:2,1
DA:3,1
DA:5,1
DA:7,0
DA:24,1
LF:6
LH:5
BRF:0
BRH:0
end_of_record
TN:
SF:src/main/webpack/components/PAN/Section/Cards/Card-Carrossel-CardVertical/Card-Carrossel-CardVertical.ts
FN:5,(anonymous_0)
FN:6,(anonymous_1)
FNF:2
FNH:1
FNDA:5,(anonymous_0)
FNDA:0,(anonymous_1)
DA:1,5
DA:2,5
DA:3,5
DA:5,5
DA:6,5
DA:7,0
DA:8,0
DA:9,0
DA:10,0
DA:12,0
LF:10
LH:5
BRF:0
BRH:0
end_of_record
TN:
SF:src/main/webpack/components/PAN/Section/Cards/Card-Carrossel-Imagem-CardsDireita/Card-Carrossel-Imagem-CardsDireita.ts
FN:5,(anonymous_0)
FN:6,CardsDireita
FNF:2
FNH:1
FNDA:5,(anonymous_0)
FNDA:0,CardsDireita
DA:1,5
DA:2,5
DA:3,5
DA:5,5
DA:7,0
DA:44,5
LF:6
LH:5
BRF:0
BRH:0
end_of_record
TN:
SF:src/main/webpack/components/PAN/Section/Cards/Card-ComparativoCartoes-CardInfo/Card-ComparativoCartoes-CardInfo.ts
FN:5,(anonymous_0)
FN:6,CardComparativoCartoesCardInfo
FNF:2
FNH:1
FNDA:4,(anonymous_0)
FNDA:0,CardComparativoCartoesCardInfo
DA:1,4
DA:2,4
DA:3,4
DA:5,4
DA:7,0
DA:25,4
LF:6
LH:5
BRF:0
BRH:0
end_of_record
TN:
SF:src/main/webpack/components/PAN/Section/Cards/Card-Estatico-2-Cards-ConteudoBlog/Card-Estatico-2-Cards-ConteudoBlog.ts
FNF:0
FNH:0
DA:1,0
LF:1
LH:0
BRF:0
BRH:0
end_of_record
TN:
SF:src/main/webpack/components/PAN/Section/Cards/Card-Estatico-2-CardsConteudo/Card-Estatico-2-CardsConteudo.ts
FNF:0
FNH:0
DA:1,0
LF:1
LH:0
BRF:0
BRH:0
end_of_record
TN:
SF:src/main/webpack/components/PAN/Section/Cards/Card-Estatico-2-CardsProduto/Card-Estatico-2-CardsProduto.ts
FNF:0
FNH:0
DA:1,0
LF:1
LH:0
BRF:0
BRH:0
end_of_record
TN:
SF:src/main/webpack/components/PAN/Section/Cards/Card-Estatico-2Cards-Info-DS/Card-Estatico-2Cards-Info-DS.ts
FNF:0
FNH:0
DA:1,0
LF:1
LH:0
BRF:0
BRH:0
end_of_record
TN:
SF:src/main/webpack/components/PAN/Section/Cards/Card-Estatico-CardAgrupado/Card-Estatico-CardAgrupado.ts
FNF:0
FNH:0
DA:1,0
LF:1
LH:0
BRF:0
BRH:0
end_of_record
TN:
SF:src/main/webpack/components/PAN/Section/Cards/Card-Estatico-CardCentral/Card-Estatico.CardCentral.ts
FNF:0
FNH:0
DA:1,0
LF:1
LH:0
BRF:0
BRH:0
end_of_record
TN:
SF:src/main/webpack/components/PAN/Section/Cards/Card-Estatico-CardImagemInteira/Card-Estatico-Card.ImagemInteira.ts
FNF:0
FNH:0
DA:1,0
LF:1
LH:0
BRF:0
BRH:0
end_of_record
TN:
SF:src/main/webpack/components/PAN/Section/Cards/Card-Estatico-CardMisto/Card-Estatico-CardMisto.ts
FNF:0
FNH:0
DA:1,0
LF:1
LH:0
BRF:0
BRH:0
end_of_record
TN:
SF:src/main/webpack/components/PAN/Section/Cards/Card-Estatico-ComparativoCartoes/Card-Estatico-ComparativoCartoes.ts
FN:5,(anonymous_0)
FN:6,CardComparativoCartoes
FNF:2
FNH:1
FNDA:3,(anonymous_0)
FNDA:0,CardComparativoCartoes
DA:1,3
DA:2,3
DA:3,3
DA:5,3
DA:7,0
DA:8,0
DA:24,3
LF:7
LH:5
BRDA:7,0,0,0
BRF:1
BRH:0
end_of_record
TN:
SF:src/main/webpack/components/PAN/Section/Cards/Card-Estatico-ComparativoCartoes-CardVitrine/Card-Estatico-ComparativoCartoes-CardVitrine.ts
FN:6,(anonymous_0)
FN:11,CardVitrineDS
FN:35,(anonymous_2)
FN:36,(anonymous_3)
FN:37,(anonymous_4)
FN:41,(anonymous_5)
FN:42,(anonymous_6)
FNF:7
FNH:7
FNDA:5,(anonymous_0)
FNDA:7,CardVitrineDS
FNDA:7,(anonymous_2)
FNDA:6,(anonymous_3)
FNDA:1,(anonymous_4)
FNDA:6,(anonymous_5)
FNDA:1,(anonymous_6)
DA:1,5
DA:3,5
DA:4,5
DA:6,5
DA:7,7
DA:8,7
DA:9,7
DA:12,7
DA:13,7
DA:32,7
DA:35,7
DA:36,7
DA:37,6
DA:38,1
DA:41,7
DA:42,6
DA:43,1
DA:47,5
DA:49,5
LF:19
LH:19
BRDA:12,0,0,7
BRF:1
BRH:1
end_of_record
TN:
SF:src/main/webpack/components/PAN/Section/Cards/Card-Estatico-Imagem/Card-Estatico-Imagem.ts
FN:5,(anonymous_0)
FN:6,(anonymous_1)
FNF:2
FNH:0
FNDA:0,(anonymous_0)
FNDA:0,(anonymous_1)
DA:1,0
DA:2,0
DA:3,0
DA:5,0
DA:6,0
DA:7,0
DA:8,0
DA:10,0
DA:11,0
DA:27,0
LF:10
LH:0
BRDA:10,0,0,0
BRDA:10,0,1,0
BRF:2
BRH:0
end_of_record
TN:
SF:src/main/webpack/components/PAN/Section/Cards/Card-Estatico-Imagem-2-Cards/Card-Estatico-Imagem-2-Cards.ts
FN:5,(anonymous_0)
FN:6,Imagem2Cards
FN:35,(anonymous_2)
FN:36,(anonymous_3)
FN:42,(anonymous_4)
FN:44,(anonymous_5)
FNF:6
FNH:3
FNDA:5,(anonymous_0)
FNDA:0,Imagem2Cards
FNDA:0,(anonymous_2)
FNDA:0,(anonymous_3)
FNDA:1,(anonymous_4)
FNDA:2,(anonymous_5)
DA:1,5
DA:2,5
DA:3,5
DA:5,5
DA:7,0
DA:9,0
DA:28,0
DA:31,0
DA:35,0
DA:36,0
DA:39,0
DA:42,5
DA:43,1
DA:44,1
DA:45,2
DA:46,1
DA:50,5
LF:17
LH:10
BRDA:7,0,0,0
BRDA:7,0,1,0
BRDA:45,1,0,1
BRF:3
BRH:1
end_of_record
TN:
SF:src/main/webpack/components/PAN/Section/Cards/Card-Estatico-MosaicoImagem/Card-Estatico-MosaicoImagem.ts
FNF:0
FNH:0
DA:1,0
LF:1
LH:0
BRF:0
BRH:0
end_of_record
TN:
SF:src/main/webpack/components/PAN/Section/Cards/Card-Estatico-Parceiros/Card-Estatico-Parceiros.ts
FN:5,(anonymous_0)
FN:6,CardCarrosselParceiros
FNF:2
FNH:1
FNDA:1,(anonymous_0)
FNDA:0,CardCarrosselParceiros
DA:1,1
DA:2,1
DA:3,1
DA:5,1
DA:7,0
DA:16,1
LF:6
LH:5
BRF:0
BRH:0
end_of_record
TN:
SF:src/main/webpack/components/PAN/Section/Cards/Card-Estatico-Parceiros-Shopping-DS/Card-Estatico-Parceiros-Shopping-DS.ts
FN:5,(anonymous_13)
FN:38,CardEstaticoParceirosShoppingDS
FN:48,(anonymous_15)
FN:66,(anonymous_16)
FN:78,(anonymous_17)
FN:84,(anonymous_18)
FN:93,(anonymous_19)
FN:94,(anonymous_20)
FN:123,(anonymous_21)
FN:142,(anonymous_22)
FN:151,(anonymous_23)
FN:179,(anonymous_26)
FN:208,(anonymous_29)
FN:253,(anonymous_30)
FNF:14
FNH:0
FNDA:0,(anonymous_13)
FNDA:0,CardEstaticoParceirosShoppingDS
FNDA:0,(anonymous_15)
FNDA:0,(anonymous_16)
FNDA:0,(anonymous_17)
FNDA:0,(anonymous_18)
FNDA:0,(anonymous_19)
FNDA:0,(anonymous_20)
FNDA:0,(anonymous_21)
FNDA:0,(anonymous_22)
FNDA:0,(anonymous_23)
FNDA:0,(anonymous_26)
FNDA:0,(anonymous_29)
FNDA:0,(anonymous_30)
DA:1,0
DA:2,0
DA:3,0
DA:5,0
DA:8,0
DA:11,0
DA:12,0
DA:15,0
DA:18,0
DA:21,0
DA:24,0
DA:27,0
DA:31,0
DA:32,0
DA:33,0
DA:35,0
DA:36,0
DA:39,0
DA:40,0
DA:43,0
DA:44,0
DA:45,0
DA:48,0
DA:49,0
DA:66,0
DA:67,0
DA:68,0
DA:70,0
DA:71,0
DA:74,0
DA:78,0
DA:79,0
DA:80,0
DA:84,0
DA:85,0
DA:86,0
DA:87,0
DA:88,0
DA:89,0
DA:90,0
DA:93,0
DA:94,0
DA:95,0
DA:97,0
DA:98,0
DA:99,0
DA:101,0
DA:102,0
DA:104,0
DA:105,0
DA:107,0
DA:108,0
DA:111,0
DA:112,0
DA:115,0
DA:118,0
DA:123,0
DA:124,0
DA:125,0
DA:126,0
DA:127,0
DA:128,0
DA:130,0
DA:132,0
DA:133,0
DA:134,0
DA:135,0
DA:136,0
DA:138,0
DA:142,0
DA:143,0
DA:144,0
DA:145,0
DA:147,0
DA:151,0
DA:152,0
DA:157,0
DA:158,0
DA:162,0
DA:163,0
DA:164,0
DA:169,0
DA:171,0
DA:174,0
DA:179,0
DA:180,0
DA:188,0
DA:189,0
DA:193,0
DA:194,0
DA:195,0
DA:200,0
DA:202,0
DA:203,0
DA:208,0
DA:209,0
DA:238,0
DA:241,0
DA:244,0
DA:246,0
DA:248,0
DA:249,0
DA:253,0
DA:254,0
DA:265,0
DA:266,0
DA:268,0
LF:107
LH:0
BRDA:33,0,0,0
BRDA:33,0,1,0
BRDA:33,1,0,0
BRDA:33,1,1,0
BRDA:33,2,0,0
BRDA:33,2,1,0
BRDA:39,3,0,0
BRDA:67,4,0,0
BRDA:70,5,0,0
BRDA:78,6,0,0
BRDA:78,6,1,0
BRDA:78,7,0,0
BRDA:78,7,1,0
BRDA:94,8,0,0
BRDA:94,8,1,0
BRDA:94,9,0,0
BRDA:94,9,1,0
BRDA:97,10,0,0
BRDA:97,10,1,0
BRDA:104,11,0,0
BRDA:107,12,0,0
BRDA:111,13,0,0
BRDA:123,14,0,0
BRDA:123,14,1,0
BRDA:123,15,0,0
BRDA:123,15,1,0
BRDA:126,16,0,0
BRDA:126,16,1,0
BRDA:142,17,0,0
BRDA:142,17,1,0
BRDA:142,18,0,0
BRDA:142,18,1,0
BRDA:143,19,0,0
BRDA:152,20,0,0
BRDA:157,21,0,0
BRDA:157,22,0,0
BRDA:157,22,1,0
BRDA:180,23,0,0
BRDA:184,24,0,0
BRDA:184,24,1,0
BRDA:188,25,0,0
BRDA:188,26,0,0
BRDA:188,26,1,0
BRDA:202,27,0,0
BRDA:202,28,0,0
BRDA:202,28,1,0
BRDA:248,29,0,0
BRF:47
BRH:0
end_of_record
TN:
SF:src/main/webpack/components/PAN/Section/Conteudo/Conteudo-Numbers/Conteudo-Numbers.ts
FNF:0
FNH:0
DA:1,0
LF:1
LH:0
BRF:0
BRH:0
end_of_record
TN:
SF:src/main/webpack/components/PAN/Section/Conteudo/Conteudo-PassoAPasso/Conteudo-PassoAPasso.ts
FNF:0
FNH:0
DA:1,0
LF:1
LH:0
BRF:0
BRH:0
end_of_record
TN:
SF:src/main/webpack/components/PAN/Section/Conteudo/Conteudo-Steps/Conteudo-Steps.ts
FNF:0
FNH:0
DA:1,0
LF:1
LH:0
BRF:0
BRH:0
end_of_record
TN:
SF:src/main/webpack/components/PAN/Section/Conteudo/Conteudo-Tabela/Conteudo-Tabela.ts
FNF:0
FNH:0
DA:1,0
LF:1
LH:0
BRF:0
BRH:0
end_of_record
TN:
SF:src/main/webpack/components/PAN/Section/Conteudo/Conteudo-Topicos/Conteudo-Topicos.ts
FNF:0
FNH:0
DA:1,0
LF:1
LH:0
BRF:0
BRH:0
end_of_record
TN:
SF:src/main/webpack/components/PAN/Section/Conteudo/Conteudo-Topicos-Imagem/Conteudo-Topicos.Imagem.ts
FNF:0
FNH:0
DA:1,0
LF:1
LH:0
BRF:0
BRH:0
end_of_record
TN:
SF:src/main/webpack/components/PAN/Section/Conteudo/MultiContent/MultiContent.ts
FN:3,(anonymous_0)
FN:7,ButtonAndBlock
FN:11,(anonymous_2)
FN:15,(anonymous_3)
FN:19,(anonymous_4)
FN:20,(anonymous_5)
FN:26,(anonymous_6)
FN:27,(anonymous_7)
FN:33,(anonymous_8)
FNF:9
FNH:9
FNDA:1,(anonymous_0)
FNDA:3,ButtonAndBlock
FNDA:3,(anonymous_2)
FNDA:4,(anonymous_3)
FNDA:4,(anonymous_4)
FNDA:1,(anonymous_5)
FNDA:1,(anonymous_6)
FNDA:2,(anonymous_7)
FNDA:2,(anonymous_8)
DA:1,1
DA:3,1
DA:4,3
DA:5,3
DA:8,3
DA:11,3
DA:12,3
DA:13,3
DA:15,3
DA:16,4
DA:19,3
DA:20,4
DA:21,1
DA:26,1
DA:27,1
DA:28,2
DA:31,1
DA:33,1
DA:34,2
DA:37,1
DA:39,1
DA:41,1
LF:22
LH:22
BRDA:12,0,0,1
BRDA:12,0,1,2
BRDA:12,1,0,3
BRDA:12,1,1,3
BRDA:13,2,0,1
BRDA:13,2,1,2
BRDA:13,3,0,3
BRDA:13,3,1,3
BRF:8
BRH:8
end_of_record
TN:
SF:src/main/webpack/components/PAN/Section/Faq/FAQ/FAQ.ts
FN:4,(anonymous_0)
FN:16,FaqViewMore
FN:18,(anonymous_2)
FN:23,(anonymous_3)
FN:24,(anonymous_4)
FN:47,(anonymous_5)
FN:56,(anonymous_6)
FN:67,(anonymous_7)
FN:68,(anonymous_8)
FN:69,(anonymous_9)
FN:75,(anonymous_10)
FN:93,(anonymous_11)
FN:94,(anonymous_12)
FN:95,(anonymous_13)
FN:115,(anonymous_14)
FNF:15
FNH:0
FNDA:0,(anonymous_0)
FNDA:0,FaqViewMore
FNDA:0,(anonymous_2)
FNDA:0,(anonymous_3)
FNDA:0,(anonymous_4)
FNDA:0,(anonymous_5)
FNDA:0,(anonymous_6)
FNDA:0,(anonymous_7)
FNDA:0,(anonymous_8)
FNDA:0,(anonymous_9)
FNDA:0,(anonymous_10)
FNDA:0,(anonymous_11)
FNDA:0,(anonymous_12)
FNDA:0,(anonymous_13)
FNDA:0,(anonymous_14)
DA:1,0
DA:2,0
DA:4,0
DA:14,0
DA:17,0
DA:18,0
DA:19,0
DA:23,0
DA:24,0
DA:25,0
DA:27,0
DA:28,0
DA:29,0
DA:30,0
DA:32,0
DA:35,0
DA:38,0
DA:40,0
DA:41,0
DA:42,0
DA:47,0
DA:48,0
DA:49,0
DA:50,0
DA:52,0
DA:56,0
DA:57,0
DA:58,0
DA:59,0
DA:62,0
DA:64,0
DA:67,0
DA:68,0
DA:69,0
DA:70,0
DA:71,0
DA:73,0
DA:74,0
DA:75,0
DA:76,0
DA:78,0
DA:79,0
DA:83,0
DA:85,0
DA:86,0
DA:93,0
DA:94,0
DA:95,0
DA:96,0
DA:97,0
DA:98,0
DA:100,0
DA:101,0
DA:103,0
DA:104,0
DA:106,0
DA:108,0
DA:109,0
DA:115,0
DA:116,0
DA:117,0
DA:119,0
DA:121,0
DA:123,0
LF:64
LH:0
BRDA:27,0,0,0
BRDA:48,1,0,0
BRDA:48,1,1,0
BRDA:73,2,0,0
BRDA:74,3,0,0
BRDA:74,3,1,0
BRDA:100,4,0,0
BRDA:100,4,1,0
BRF:8
BRH:0
end_of_record
TN:
SF:src/main/webpack/components/PAN/Section/Form/Formulario-PreLead/Formulario-PreLead.ts
FN:6,(anonymous_13)
FN:34,FormPreLead
FN:64,(anonymous_15)
FN:77,(anonymous_16)
FN:35,(anonymous_17)
FN:41,(anonymous_18)
FN:50,(anonymous_21)
FN:51,(anonymous_22)
FN:85,(anonymous_23)
FN:94,(anonymous_24)
FN:113,(anonymous_25)
FN:120,(anonymous_26)
FN:126,(anonymous_27)
FN:132,(anonymous_28)
FN:137,(anonymous_29)
FNF:15
FNH:10
FNDA:1,(anonymous_13)
FNDA:10,FormPreLead
FNDA:2,(anonymous_15)
FNDA:0,(anonymous_16)
FNDA:2,(anonymous_17)
FNDA:2,(anonymous_18)
FNDA:2,(anonymous_21)
FNDA:0,(anonymous_22)
FNDA:2,(anonymous_23)
FNDA:0,(anonymous_24)
FNDA:0,(anonymous_25)
FNDA:0,(anonymous_26)
FNDA:1,(anonymous_27)
FNDA:1,(anonymous_28)
FNDA:3,(anonymous_29)
DA:1,1
DA:3,1
DA:4,1
DA:6,1
DA:9,10
DA:10,10
DA:11,10
DA:14,10
DA:17,10
DA:18,10
DA:21,10
DA:24,10
DA:27,10
DA:30,10
DA:34,10
DA:35,10
DA:36,2
DA:37,2
DA:41,1
DA:42,2
DA:43,0
DA:44,0
DA:45,0
DA:46,0
DA:50,2
DA:51,2
DA:52,0
DA:55,0
DA:56,0
DA:59,2
DA:64,10
DA:65,2
DA:66,1
DA:67,1
DA:71,1
DA:73,1
DA:74,1
DA:77,10
DA:78,0
DA:79,0
DA:80,0
DA:81,0
DA:85,1
DA:86,2
DA:87,1
DA:88,1
DA:90,1
DA:94,1
DA:95,0
DA:96,0
DA:101,0
DA:112,0
DA:114,0
DA:115,0
DA:117,0
DA:121,0
DA:122,0
DA:126,1
DA:127,1
DA:128,1
DA:129,1
DA:132,1
DA:133,1
DA:134,1
DA:137,1
DA:138,3
DA:139,3
DA:140,3
DA:141,3
DA:143,1
DA:145,1
LF:71
LH:51
BRDA:65,0,0,1
BRDA:79,1,0,0
BRDA:79,2,0,0
BRDA:79,2,1,0
BRDA:42,3,0,2
BRDA:42,4,0,2
BRDA:42,4,1,0
BRDA:42,5,0,2
BRDA:42,5,1,0
BRDA:45,6,0,0
BRDA:86,7,0,1
BRDA:86,7,1,1
BRDA:86,8,0,2
BRDA:86,8,1,2
BRDA:107,9,0,0
BRDA:107,9,1,0
BRDA:107,10,0,0
BRDA:107,10,1,0
BRDA:114,11,0,0
BRDA:114,11,1,0
BRDA:114,12,0,0
BRDA:114,12,1,0
BRF:22
BRH:8
end_of_record
TN:
SF:src/main/webpack/components/PAN/Section/HIghLight/Highlight-CardTexto/Highlight-CardTexto.ts
FNF:0
FNH:0
DA:1,0
LF:1
LH:0
BRF:0
BRH:0
end_of_record
TN:
SF:src/main/webpack/components/PAN/Section/HIghLight/Highlight-Recovery/Highlight-Recovery.ts
FNF:0
FNH:0
DA:1,0
LF:1
LH:0
BRF:0
BRH:0
end_of_record
TN:
SF:src/main/webpack/components/PAN/Section/HIghLight/Highlight-TextoCentral/Highlight-TextoCentral.ts
FNF:0
FNH:0
DA:1,0
LF:1
LH:0
BRF:0
BRH:0
end_of_record
TN:
SF:src/main/webpack/components/PAN/Section/HIghLight/Highlight-Top/Highlight-Top.ts
FNF:0
FNH:0
DA:1,0
LF:1
LH:0
BRF:0
BRH:0
end_of_record
TN:
SF:src/main/webpack/components/PAN/Section/Imagem/Imagem/Section-Imagem.ts
FNF:0
FNH:0
DA:1,0
LF:1
LH:0
BRF:0
BRH:0
end_of_record
TN:
SF:src/main/webpack/components/PAN/Section/Imagem/Imagem-ImagemVideo/Imagem-ImagemVideo.ts
FNF:0
FNH:0
DA:1,0
LF:1
LH:0
BRF:0
BRH:0
end_of_record
TN:
SF:src/main/webpack/components/PAN/Section/Imagem/Imagem-MetadeImagem-TextoCentral/Imagem-MetadeImagem-TextoCentral.ts
FNF:0
FNH:0
DA:1,0
LF:1
LH:0
BRF:0
BRH:0
end_of_record
TN:
SF:src/main/webpack/components/PAN/Section/Imagem/Imagem-PassoAPasso/Imagem-PassoAPasso.ts
FNF:0
FNH:0
DA:1,0
LF:1
LH:0
BRF:0
BRH:0
end_of_record
TN:
SF:src/main/webpack/components/PAN/Section/Intro/Formulario-Dinamico-Imagem-Inteira-Lead/Formulario-Dinamico-Imagem-Inteira-Lead.ts
FNF:0
FNH:0
DA:1,0
LF:1
LH:0
BRF:0
BRH:0
end_of_record
TN:
SF:src/main/webpack/components/PAN/Section/Intro/Intro/Section-Intro.ts
FNF:0
FNH:0
DA:1,0
LF:1
LH:0
BRF:0
BRH:0
end_of_record
TN:
SF:src/main/webpack/components/PAN/Section/Intro/Intro-ImagemInteira/Section-Intro.ImagemInteira.ts
FNF:0
FNH:0
DA:1,0
LF:1
LH:0
BRF:0
BRH:0
end_of_record
TN:
SF:src/main/webpack/components/PAN/Section/Intro/Intro-ImagemInteira-Video/Section-Intro-ImagemInteira.Video.ts
FNF:0
FNH:0
DA:1,0
LF:1
LH:0
BRF:0
BRH:0
end_of_record
TN:
SF:src/main/webpack/components/PAN/Section/Nps/Nps-Aquisicao/Nps-Aquisicao-Send-Data.ts
FN:4,(anonymous_13)
FN:107,NpsAquisicaoSendData
FN:165,(anonymous_15)
FN:172,(anonymous_16)
FN:173,(anonymous_17)
FN:179,(anonymous_18)
FN:180,(anonymous_19)
FN:187,(anonymous_20)
FN:231,(anonymous_21)
FN:232,(anonymous_22)
FN:278,(anonymous_23)
FN:292,(anonymous_24)
FN:293,(anonymous_25)
FN:294,(anonymous_26)
FN:303,(anonymous_27)
FN:304,(anonymous_28)
FN:305,(anonymous_29)
FN:306,(anonymous_30)
FN:321,(anonymous_31)
FN:322,(anonymous_32)
FN:323,(anonymous_33)
FN:324,(anonymous_34)
FN:339,(anonymous_35)
FN:112,(anonymous_36)
FN:118,(anonymous_37)
FN:129,(anonymous_40)
FN:138,(anonymous_41)
FN:145,(anonymous_42)
FN:149,(anonymous_43)
FN:344,(anonymous_44)
FN:357,(anonymous_45)
FN:364,(anonymous_46)
FN:369,(anonymous_47)
FN:374,(anonymous_48)
FNF:34
FNH:4
FNDA:1,(anonymous_13)
FNDA:3,NpsAquisicaoSendData
FNDA:0,(anonymous_15)
FNDA:0,(anonymous_16)
FNDA:0,(anonymous_17)
FNDA:0,(anonymous_18)
FNDA:0,(anonymous_19)
FNDA:0,(anonymous_20)
FNDA:0,(anonymous_21)
FNDA:0,(anonymous_22)
FNDA:0,(anonymous_23)
FNDA:0,(anonymous_24)
FNDA:0,(anonymous_25)
FNDA:0,(anonymous_26)
FNDA:0,(anonymous_27)
FNDA:0,(anonymous_28)
FNDA:0,(anonymous_29)
FNDA:0,(anonymous_30)
FNDA:0,(anonymous_31)
FNDA:0,(anonymous_32)
FNDA:0,(anonymous_33)
FNDA:0,(anonymous_34)
FNDA:0,(anonymous_35)
FNDA:0,(anonymous_36)
FNDA:0,(anonymous_37)
FNDA:0,(anonymous_40)
FNDA:0,(anonymous_41)
FNDA:0,(anonymous_42)
FNDA:0,(anonymous_43)
FNDA:0,(anonymous_44)
FNDA:0,(anonymous_45)
FNDA:0,(anonymous_46)
FNDA:1,(anonymous_47)
FNDA:1,(anonymous_48)
DA:1,1
DA:2,1
DA:4,1
DA:6,3
DA:7,3
DA:10,3
DA:11,3
DA:14,3
DA:18,3
DA:21,3
DA:24,3
DA:27,3
DA:30,3
DA:34,3
DA:36,3
DA:39,3
DA:42,3
DA:45,3
DA:48,3
DA:51,3
DA:54,3
DA:56,3
DA:65,3
DA:69,3
DA:74,3
DA:75,3
DA:76,3
DA:94,3
DA:95,3
DA:96,3
DA:97,3
DA:98,3
DA:99,3
DA:100,3
DA:103,3
DA:107,3
DA:108,3
DA:109,3
DA:112,3
DA:113,0
DA:114,0
DA:118,1
DA:119,0
DA:122,0
DA:123,0
DA:124,0
DA:125,0
DA:129,1
DA:130,0
DA:131,0
DA:132,0
DA:133,0
DA:134,0
DA:135,0
DA:136,0
DA:138,0
DA:139,0
DA:140,0
DA:143,0
DA:146,0
DA:149,0
DA:150,0
DA:159,0
DA:160,0
DA:161,0
DA:162,0
DA:165,3
DA:166,0
DA:167,0
DA:168,0
DA:172,3
DA:173,0
DA:174,0
DA:177,0
DA:180,0
DA:181,0
DA:183,0
DA:185,0
DA:188,0
DA:189,0
DA:193,0
DA:195,0
DA:197,0
DA:205,0
DA:207,0
DA:208,0
DA:215,0
DA:217,0
DA:218,0
DA:221,0
DA:229,0
DA:232,0
DA:233,0
DA:235,0
DA:236,0
DA:238,0
DA:241,0
DA:243,0
DA:244,0
DA:246,0
DA:247,0
DA:251,0
DA:253,0
DA:254,0
DA:256,0
DA:257,0
DA:261,0
DA:263,0
DA:264,0
DA:266,0
DA:267,0
DA:270,0
DA:278,0
DA:283,0
DA:284,0
DA:286,0
DA:292,3
DA:293,0
DA:294,0
DA:295,0
DA:296,0
DA:303,3
DA:304,0
DA:305,0
DA:306,0
DA:307,0
DA:309,0
DA:310,0
DA:314,0
DA:315,0
DA:316,0
DA:321,3
DA:322,0
DA:323,0
DA:324,0
DA:325,0
DA:327,0
DA:328,0
DA:332,0
DA:333,0
DA:334,0
DA:339,3
DA:340,0
DA:344,1
DA:345,0
DA:346,0
DA:356,0
DA:358,0
DA:359,0
DA:361,0
DA:365,0
DA:369,1
DA:370,1
DA:371,1
DA:374,1
DA:375,1
DA:376,1
DA:377,1
DA:379,1
LF:159
LH:56
BRDA:166,0,0,0
BRDA:188,1,0,0
BRDA:193,2,0,0
BRDA:193,2,1,0
BRDA:193,2,2,0
BRDA:235,3,0,0
BRDA:235,3,1,0
BRDA:241,4,0,0
BRDA:241,4,1,0
BRDA:241,4,2,0
BRDA:243,5,0,0
BRDA:253,6,0,0
BRDA:263,7,0,0
BRDA:283,8,0,0
BRDA:283,8,1,0
BRDA:283,9,0,0
BRDA:283,9,1,0
BRDA:119,10,0,0
BRDA:119,11,0,0
BRDA:119,11,1,0
BRDA:119,12,0,0
BRDA:119,12,1,0
BRDA:124,13,0,0
BRDA:153,14,0,0
BRDA:153,14,1,0
BRDA:352,15,0,0
BRDA:352,15,1,0
BRDA:352,16,0,0
BRDA:352,16,1,0
BRDA:358,17,0,0
BRDA:358,17,1,0
BRDA:358,18,0,0
BRDA:358,18,1,0
BRF:33
BRH:0
end_of_record
TN:
SF:src/main/webpack/components/PAN/Section/Nps/Nps-Aquisicao/Nps-Aquisicao-Slider.ts
FN:1,(anonymous_0)
FN:5,NpsAquisicaoSlider
FN:10,(anonymous_2)
FN:15,(anonymous_3)
FN:16,(anonymous_4)
FN:21,(anonymous_5)
FN:25,(anonymous_6)
FN:30,(anonymous_7)
FNF:8
FNH:3
FNDA:1,(anonymous_0)
FNDA:2,NpsAquisicaoSlider
FNDA:0,(anonymous_2)
FNDA:0,(anonymous_3)
FNDA:0,(anonymous_4)
FNDA:0,(anonymous_5)
FNDA:0,(anonymous_6)
FNDA:2,(anonymous_7)
DA:1,1
DA:5,2
DA:6,2
DA:9,2
DA:10,2
DA:11,0
DA:15,1
DA:16,0
DA:17,0
DA:18,0
DA:20,0
DA:21,0
DA:24,0
DA:25,0
DA:30,1
DA:31,2
DA:33,2
DA:34,0
DA:37,2
DA:38,2
DA:40,2
DA:41,2
DA:43,2
DA:45,1
LF:24
LH:15
BRDA:20,0,0,0
BRDA:24,1,0,0
BRDA:33,2,0,0
BRDA:33,3,0,2
BRDA:33,3,1,2
BRF:5
BRH:2
end_of_record
TN:
SF:src/main/webpack/components/PAN/Section/Nps/Nps-Aquisicao/Nps-Aquisicao-Url-Paramns.ts
FN:1,(anonymous_0)
FN:17,NpsAquisicaoUrlParams
FN:47,(anonymous_2)
FN:54,(anonymous_3)
FNF:4
FNH:4
FNDA:1,(anonymous_0)
FNDA:5,NpsAquisicaoUrlParams
FNDA:5,(anonymous_2)
FNDA:3,(anonymous_3)
DA:1,1
DA:4,5
DA:7,5
DA:10,5
DA:13,5
DA:18,5
DA:20,5
DA:21,5
DA:22,5
DA:23,5
DA:24,5
DA:25,5
DA:26,5
DA:29,0
DA:30,0
DA:32,0
DA:33,0
DA:34,0
DA:35,0
DA:36,0
DA:37,0
DA:39,0
DA:40,0
DA:41,0
DA:42,0
DA:43,0
DA:47,1
DA:48,5
DA:49,5
DA:50,5
DA:51,5
DA:54,1
DA:55,3
DA:56,2
DA:57,2
DA:60,1
LF:36
LH:23
BRDA:20,0,0,5
BRDA:20,1,0,5
BRDA:20,1,1,0
BRDA:32,2,0,0
BRDA:32,2,1,0
BRDA:55,3,0,2
BRDA:55,4,0,3
BRDA:55,4,1,2
BRF:8
BRH:5
end_of_record
TN:
SF:src/main/webpack/components/PAN/Section/Nps/Nps-Aquisicao/Nps-Aquisicao.ts
FNF:0
FNH:0
DA:1,0
DA:3,0
DA:4,0
DA:6,0
DA:7,0
LF:5
LH:0
BRF:0
BRH:0
end_of_record
TN:
SF:src/main/webpack/components/PAN/Section/Nps/Nps-Atendimento/Nps-Atendimento-Send-Data.ts
FN:4,(anonymous_13)
FN:68,NpsAtendimentoSendData
FN:114,(anonymous_15)
FN:124,(anonymous_16)
FN:125,(anonymous_17)
FN:126,(anonymous_18)
FN:127,(anonymous_19)
FN:138,(anonymous_20)
FN:148,(anonymous_21)
FN:70,(anonymous_22)
FN:76,(anonymous_23)
FN:85,(anonymous_26)
FN:90,(anonymous_27)
FN:95,(anonymous_28)
FN:100,(anonymous_29)
FN:107,(anonymous_30)
FN:152,(anonymous_31)
FN:175,(anonymous_32)
FN:182,(anonymous_33)
FN:188,(anonymous_34)
FN:194,(anonymous_35)
FNF:21
FNH:4
FNDA:1,(anonymous_13)
FNDA:3,NpsAtendimentoSendData
FNDA:0,(anonymous_15)
FNDA:0,(anonymous_16)
FNDA:0,(anonymous_17)
FNDA:0,(anonymous_18)
FNDA:0,(anonymous_19)
FNDA:0,(anonymous_20)
FNDA:0,(anonymous_21)
FNDA:0,(anonymous_22)
FNDA:0,(anonymous_23)
FNDA:0,(anonymous_26)
FNDA:0,(anonymous_27)
FNDA:0,(anonymous_28)
FNDA:0,(anonymous_29)
FNDA:0,(anonymous_30)
FNDA:0,(anonymous_31)
FNDA:0,(anonymous_32)
FNDA:0,(anonymous_33)
FNDA:1,(anonymous_34)
FNDA:1,(anonymous_35)
DA:1,1
DA:2,1
DA:4,1
DA:6,3
DA:7,3
DA:10,3
DA:11,3
DA:12,3
DA:13,3
DA:16,3
DA:19,3
DA:22,3
DA:25,3
DA:28,3
DA:31,3
DA:35,3
DA:38,3
DA:41,3
DA:47,3
DA:50,3
DA:53,3
DA:61,3
DA:64,3
DA:68,3
DA:69,3
DA:70,3
DA:71,0
DA:72,0
DA:76,1
DA:77,0
DA:78,0
DA:79,0
DA:80,0
DA:81,0
DA:85,1
DA:86,0
DA:87,0
DA:88,0
DA:90,0
DA:91,0
DA:92,0
DA:95,0
DA:96,0
DA:97,0
DA:100,0
DA:101,0
DA:102,0
DA:105,0
DA:108,0
DA:111,0
DA:114,3
DA:115,0
DA:118,0
DA:119,0
DA:120,0
DA:124,3
DA:125,0
DA:126,0
DA:127,0
DA:128,0
DA:130,0
DA:131,0
DA:132,0
DA:133,0
DA:138,3
DA:139,0
DA:140,0
DA:143,0
DA:144,0
DA:145,0
DA:148,3
DA:149,0
DA:152,1
DA:153,0
DA:154,0
DA:155,0
DA:164,0
DA:174,0
DA:176,0
DA:177,0
DA:179,0
DA:183,0
DA:188,1
DA:189,1
DA:190,1
DA:191,1
DA:194,1
DA:195,1
DA:196,1
DA:197,1
DA:199,1
LF:91
LH:42
BRDA:116,0,0,0
BRDA:116,0,1,0
BRDA:118,1,0,0
BRDA:141,2,0,0
BRDA:141,2,1,0
BRDA:77,3,0,0
BRDA:77,4,0,0
BRDA:77,4,1,0
BRDA:77,5,0,0
BRDA:77,5,1,0
BRDA:80,6,0,0
BRDA:154,7,0,0
BRDA:154,7,1,0
BRDA:170,8,0,0
BRDA:170,8,1,0
BRDA:170,9,0,0
BRDA:170,9,1,0
BRDA:176,10,0,0
BRDA:176,10,1,0
BRDA:176,11,0,0
BRDA:176,11,1,0
BRF:21
BRH:0
end_of_record
TN:
SF:src/main/webpack/components/PAN/Section/Nps/Nps-Atendimento/Nps-Atendimento-Slider.ts
FN:1,(anonymous_0)
FN:5,NpsAtendimentoSlider
FN:10,(anonymous_2)
FN:15,(anonymous_3)
FN:16,(anonymous_4)
FN:25,(anonymous_5)
FN:29,(anonymous_6)
FN:34,(anonymous_7)
FNF:8
FNH:3
FNDA:1,(anonymous_0)
FNDA:2,NpsAtendimentoSlider
FNDA:0,(anonymous_2)
FNDA:0,(anonymous_3)
FNDA:0,(anonymous_4)
FNDA:0,(anonymous_5)
FNDA:0,(anonymous_6)
FNDA:2,(anonymous_7)
DA:1,1
DA:5,2
DA:6,2
DA:9,2
DA:10,2
DA:11,0
DA:15,1
DA:16,0
DA:17,0
DA:20,0
DA:24,0
DA:25,0
DA:28,0
DA:29,0
DA:34,1
DA:35,2
DA:37,2
DA:38,0
DA:41,2
DA:42,2
DA:44,2
DA:45,2
DA:47,2
DA:49,1
LF:24
LH:15
BRDA:24,0,0,0
BRDA:28,1,0,0
BRDA:37,2,0,0
BRDA:37,3,0,2
BRDA:37,3,1,2
BRF:5
BRH:2
end_of_record
TN:
SF:src/main/webpack/components/PAN/Section/Nps/Nps-Atendimento/Nps-Atendimento-Url-Paramns.ts
FN:1,(anonymous_0)
FN:17,NpsAtendimentoUrlParams
FN:47,(anonymous_2)
FN:54,(anonymous_3)
FNF:4
FNH:4
FNDA:1,(anonymous_0)
FNDA:5,NpsAtendimentoUrlParams
FNDA:5,(anonymous_2)
FNDA:3,(anonymous_3)
DA:1,1
DA:4,5
DA:7,5
DA:10,5
DA:13,5
DA:18,5
DA:20,5
DA:21,5
DA:22,5
DA:23,5
DA:24,5
DA:25,5
DA:26,5
DA:29,0
DA:30,0
DA:32,0
DA:33,0
DA:34,0
DA:35,0
DA:36,0
DA:37,0
DA:39,0
DA:40,0
DA:41,0
DA:42,0
DA:43,0
DA:47,1
DA:48,5
DA:49,5
DA:50,5
DA:51,5
DA:54,1
DA:55,3
DA:56,2
DA:57,2
DA:60,1
LF:36
LH:23
BRDA:20,0,0,5
BRDA:20,1,0,5
BRDA:20,1,1,0
BRDA:32,2,0,0
BRDA:32,2,1,0
BRDA:55,3,0,2
BRDA:55,4,0,3
BRDA:55,4,1,2
BRF:8
BRH:5
end_of_record
TN:
SF:src/main/webpack/components/PAN/Section/Nps/Nps-Atendimento/Nps-Atendimento.ts
FNF:0
FNH:0
DA:1,0
DA:3,0
DA:4,0
DA:6,0
DA:7,0
LF:5
LH:0
BRF:0
BRH:0
end_of_record
TN:
SF:src/main/webpack/components/PAN/Section/Nps/Nps-Relacional/Nps-Relacional.ts
FN:4,(anonymous_13)
FN:58,NpsRelacional
FN:119,(anonymous_15)
FN:140,(anonymous_16)
FN:141,(anonymous_17)
FN:142,(anonymous_18)
FN:143,(anonymous_19)
FN:153,(anonymous_20)
FN:158,(anonymous_21)
FN:164,(anonymous_22)
FN:59,(anonymous_23)
FN:93,(anonymous_24)
FN:103,(anonymous_27)
FN:104,(anonymous_28)
FN:111,(anonymous_29)
FN:126,(anonymous_30)
FN:133,(anonymous_31)
FN:169,(anonymous_32)
FN:190,(anonymous_33)
FN:197,(anonymous_34)
FN:203,(anonymous_35)
FN:210,(anonymous_36)
FNF:22
FNH:8
FNDA:1,(anonymous_13)
FNDA:5,NpsRelacional
FNDA:1,(anonymous_15)
FNDA:0,(anonymous_16)
FNDA:0,(anonymous_17)
FNDA:0,(anonymous_18)
FNDA:0,(anonymous_19)
FNDA:0,(anonymous_20)
FNDA:1,(anonymous_21)
FNDA:0,(anonymous_22)
FNDA:0,(anonymous_23)
FNDA:0,(anonymous_24)
FNDA:0,(anonymous_27)
FNDA:0,(anonymous_28)
FNDA:0,(anonymous_29)
FNDA:5,(anonymous_30)
FNDA:3,(anonymous_31)
FNDA:0,(anonymous_32)
FNDA:0,(anonymous_33)
FNDA:0,(anonymous_34)
FNDA:1,(anonymous_35)
FNDA:1,(anonymous_36)
DA:1,1
DA:2,1
DA:4,1
DA:6,5
DA:7,5
DA:10,5
DA:11,5
DA:12,5
DA:14,5
DA:17,5
DA:20,5
DA:23,5
DA:26,5
DA:29,5
DA:32,5
DA:35,5
DA:39,5
DA:42,5
DA:51,5
DA:54,5
DA:58,5
DA:59,5
DA:60,0
DA:61,0
DA:64,5
DA:66,5
DA:67,5
DA:68,5
DA:69,5
DA:70,5
DA:71,5
DA:72,5
DA:75,0
DA:76,0
DA:78,0
DA:79,0
DA:80,0
DA:81,0
DA:82,0
DA:83,0
DA:85,0
DA:86,0
DA:87,0
DA:88,0
DA:89,0
DA:93,1
DA:94,0
DA:95,0
DA:96,0
DA:97,0
DA:98,0
DA:103,1
DA:104,0
DA:105,0
DA:106,0
DA:109,0
DA:112,0
DA:116,0
DA:119,5
DA:120,1
DA:121,1
DA:122,1
DA:126,1
DA:127,5
DA:128,5
DA:129,5
DA:130,5
DA:133,1
DA:134,3
DA:135,2
DA:136,2
DA:140,5
DA:141,0
DA:142,0
DA:143,0
DA:144,0
DA:146,0
DA:147,0
DA:148,0
DA:153,5
DA:154,0
DA:158,5
DA:159,1
DA:160,1
DA:164,5
DA:165,0
DA:166,0
DA:169,1
DA:170,0
DA:171,0
DA:179,0
DA:189,0
DA:191,0
DA:192,0
DA:194,0
DA:198,0
DA:203,1
DA:204,1
DA:205,1
DA:206,1
DA:207,1
DA:210,1
DA:211,1
DA:212,1
DA:213,1
DA:215,1
LF:106
LH:62
BRDA:159,0,0,1
BRDA:66,1,0,5
BRDA:66,2,0,5
BRDA:66,2,1,0
BRDA:78,3,0,0
BRDA:78,3,1,0
BRDA:94,4,0,0
BRDA:94,5,0,0
BRDA:94,5,1,0
BRDA:94,6,0,0
BRDA:94,6,1,0
BRDA:97,7,0,0
BRDA:134,8,0,2
BRDA:134,9,0,3
BRDA:134,9,1,2
BRDA:185,10,0,0
BRDA:185,10,1,0
BRDA:185,11,0,0
BRDA:185,11,1,0
BRDA:191,12,0,0
BRDA:191,12,1,0
BRDA:191,13,0,0
BRDA:191,13,1,0
BRF:23
BRH:6
end_of_record
TN:
SF:src/main/webpack/components/PAN/Section/SocialMedia/SocialMedia-Imagem/SocialMedia-Imagem.ts
FNF:0
FNH:0
DA:1,0
LF:1
LH:0
BRF:0
BRH:0
end_of_record
TN:
SF:src/main/webpack/components/PAN/Section/SocialMedia/SocialMedia-Texto/SocialMedia-Texto.ts
FNF:0
FNH:0
DA:1,0
LF:1
LH:0
BRF:0
BRH:0
end_of_record
TN:
SF:src/main/webpack/components/PAN/Section/Tabela/Tabela-Passos/Tabela-Passos.ts
FNF:0
FNH:0
DA:1,0
LF:1
LH:0
BRF:0
BRH:0
end_of_record
TN:
SF:src/main/webpack/components/PAN/Utils/heading-tag-title-faq/check-existing-tag-title-faq.ts
FN:3,(anonymous_0)
FN:4,checkExistingTagTitleFaq
FNF:2
FNH:0
FNDA:0,(anonymous_0)
FNDA:0,checkExistingTagTitleFaq
DA:1,0
DA:3,0
DA:5,0
DA:6,0
DA:7,0
DA:10,0
LF:6
LH:0
BRDA:5,0,0,0
BRF:1
BRH:0
end_of_record
TN:
SF:src/main/webpack/components/PAN/Utils/heading-tag-title-faq/heading-tag-title-faq.ts
FN:1,(anonymous_0)
FN:4,headingTagTitleFaq
FN:11,(anonymous_2)
FN:12,(anonymous_3)
FN:21,(anonymous_4)
FN:22,(anonymous_5)
FN:29,(anonymous_6)
FN:30,(anonymous_7)
FNF:8
FNH:0
FNDA:0,(anonymous_0)
FNDA:0,headingTagTitleFaq
FNDA:0,(anonymous_2)
FNDA:0,(anonymous_3)
FNDA:0,(anonymous_4)
FNDA:0,(anonymous_5)
FNDA:0,(anonymous_6)
FNDA:0,(anonymous_7)
DA:1,0
DA:5,0
DA:8,0
DA:11,0
DA:12,0
DA:14,0
DA:15,0
DA:16,0
DA:17,0
DA:18,0
DA:20,0
DA:21,0
DA:22,0
DA:25,0
DA:26,0
DA:27,0
DA:28,0
DA:29,0
DA:30,0
DA:32,0
DA:36,0
LF:21
LH:0
BRDA:15,0,0,0
BRDA:17,1,0,0
BRDA:22,2,0,0
BRDA:22,2,1,0
BRDA:22,3,0,0
BRDA:22,3,1,0
BRDA:22,4,0,0
BRDA:22,4,1,0
BRF:8
BRH:0
end_of_record
TN:
SF:src/main/webpack/components/PAN/shared/Carousel-PAN/Carousel-PAN.ts
FN:10,(anonymous_2)
FN:39,CarouselPan
FN:37,(anonymous_4)
FN:43,(anonymous_5)
FN:47,(anonymous_6)
FN:58,(anonymous_7)
FN:69,(anonymous_8)
FN:74,(anonymous_9)
FN:77,(anonymous_10)
FNF:9
FNH:9
FNDA:1,(anonymous_2)
FNDA:3,CarouselPan
FNDA:27,(anonymous_4)
FNDA:13,(anonymous_5)
FNDA:2,(anonymous_6)
FNDA:15,(anonymous_7)
FNDA:4,(anonymous_8)
FNDA:4,(anonymous_9)
FNDA:12,(anonymous_10)
DA:1,1
DA:2,1
DA:3,1
DA:10,1
DA:12,3
DA:33,3
DA:34,3
DA:36,3
DA:37,27
DA:39,3
DA:40,3
DA:43,3
DA:44,13
DA:45,13
DA:47,13
DA:48,2
DA:50,2
DA:54,13
DA:58,3
DA:59,15
DA:60,15
DA:63,15
DA:64,15
DA:66,15
DA:69,1
DA:70,4
DA:71,4
DA:74,4
DA:75,4
DA:77,4
DA:79,12
DA:80,12
DA:82,12
DA:84,12
DA:88,4
DA:89,4
DA:92,4
DA:94,0
DA:95,0
DA:98,4
DA:100,4
DA:103,1
LF:42
LH:40
BRDA:63,0,0,15
BRDA:63,1,0,15
BRDA:63,1,1,6
BRDA:64,2,0,5
BRDA:64,3,0,15
BRDA:64,3,1,5
BRDA:88,4,0,4
BRDA:88,4,1,0
BRDA:90,5,0,0
BRDA:90,5,1,4
BRDA:90,6,0,4
BRDA:90,6,1,4
BRDA:94,7,0,0
BRF:13
BRH:10
end_of_record
TN:
SF:src/main/webpack/components/PAN/shared/Dynamic-Forms/Form-One-Column/Form-One-Column.ts
FN:11,(anonymous_13)
FN:77,FormularioDinamicoImagemInteiraLead
FN:50,(anonymous_15)
FN:331,(anonymous_16)
FN:354,(anonymous_17)
FN:377,(anonymous_18)
FN:450,(anonymous_19)
FN:78,(anonymous_20)
FN:94,(anonymous_21)
FN:107,(anonymous_24)
FN:109,(anonymous_25)
FN:116,(anonymous_26)
FN:120,(anonymous_27)
FN:127,(anonymous_28)
FN:131,(anonymous_29)
FN:138,(anonymous_30)
FN:140,(anonymous_31)
FN:152,(anonymous_32)
FN:154,(anonymous_33)
FN:169,(anonymous_34)
FN:171,(anonymous_35)
FN:179,(anonymous_36)
FN:181,(anonymous_37)
FN:189,(anonymous_38)
FN:193,(anonymous_39)
FN:201,(anonymous_40)
FN:205,(anonymous_41)
FN:214,(anonymous_42)
FN:228,(anonymous_43)
FN:251,(anonymous_44)
FN:270,(anonymous_45)
FN:290,(anonymous_46)
FN:310,(anonymous_47)
FN:402,(anonymous_48)
FN:403,(anonymous_49)
FN:409,(anonymous_50)
FN:410,(anonymous_51)
FN:416,(anonymous_52)
FN:417,(anonymous_53)
FN:423,(anonymous_54)
FN:424,(anonymous_55)
FN:430,(anonymous_56)
FN:437,(anonymous_57)
FN:441,(anonymous_58)
FN:455,(anonymous_59)
FN:469,(anonymous_60)
FN:476,(anonymous_61)
FN:483,(anonymous_62)
FN:489,(anonymous_63)
FN:496,(anonymous_64)
FN:506,(anonymous_65)
FN:510,(anonymous_66)
FNF:52
FNH:0
FNDA:0,(anonymous_13)
FNDA:0,FormularioDinamicoImagemInteiraLead
FNDA:0,(anonymous_15)
FNDA:0,(anonymous_16)
FNDA:0,(anonymous_17)
FNDA:0,(anonymous_18)
FNDA:0,(anonymous_19)
FNDA:0,(anonymous_20)
FNDA:0,(anonymous_21)
FNDA:0,(anonymous_24)
FNDA:0,(anonymous_25)
FNDA:0,(anonymous_26)
FNDA:0,(anonymous_27)
FNDA:0,(anonymous_28)
FNDA:0,(anonymous_29)
FNDA:0,(anonymous_30)
FNDA:0,(anonymous_31)
FNDA:0,(anonymous_32)
FNDA:0,(anonymous_33)
FNDA:0,(anonymous_34)
FNDA:0,(anonymous_35)
FNDA:0,(anonymous_36)
FNDA:0,(anonymous_37)
FNDA:0,(anonymous_38)
FNDA:0,(anonymous_39)
FNDA:0,(anonymous_40)
FNDA:0,(anonymous_41)
FNDA:0,(anonymous_42)
FNDA:0,(anonymous_43)
FNDA:0,(anonymous_44)
FNDA:0,(anonymous_45)
FNDA:0,(anonymous_46)
FNDA:0,(anonymous_47)
FNDA:0,(anonymous_48)
FNDA:0,(anonymous_49)
FNDA:0,(anonymous_50)
FNDA:0,(anonymous_51)
FNDA:0,(anonymous_52)
FNDA:0,(anonymous_53)
FNDA:0,(anonymous_54)
FNDA:0,(anonymous_55)
FNDA:0,(anonymous_56)
FNDA:0,(anonymous_57)
FNDA:0,(anonymous_58)
FNDA:0,(anonymous_59)
FNDA:0,(anonymous_60)
FNDA:0,(anonymous_61)
FNDA:0,(anonymous_62)
FNDA:0,(anonymous_63)
FNDA:0,(anonymous_64)
FNDA:0,(anonymous_65)
FNDA:0,(anonymous_66)
DA:1,0
DA:3,0
DA:4,0
DA:5,0
DA:6,0
DA:7,0
DA:8,0
DA:9,0
DA:11,0
DA:13,0
DA:20,0
DA:23,0
DA:26,0
DA:29,0
DA:32,0
DA:35,0
DA:38,0
DA:41,0
DA:44,0
DA:47,0
DA:49,0
DA:50,0
DA:52,0
DA:55,0
DA:58,0
DA:60,0
DA:62,0
DA:65,0
DA:67,0
DA:69,0
DA:70,0
DA:73,0
DA:77,0
DA:78,0
DA:79,0
DA:80,0
DA:81,0
DA:82,0
DA:83,0
DA:84,0
DA:85,0
DA:86,0
DA:87,0
DA:88,0
DA:89,0
DA:90,0
DA:94,0
DA:95,0
DA:98,0
DA:99,0
DA:100,0
DA:101,0
DA:107,0
DA:108,0
DA:109,0
DA:110,0
DA:111,0
DA:116,0
DA:117,0
DA:118,0
DA:121,0
DA:122,0
DA:127,0
DA:128,0
DA:129,0
DA:132,0
DA:133,0
DA:138,0
DA:139,0
DA:140,0
DA:141,0
DA:142,0
DA:146,0
DA:147,0
DA:152,0
DA:153,0
DA:154,0
DA:155,0
DA:158,0
DA:162,0
DA:163,0
DA:165,0
DA:169,0
DA:170,0
DA:171,0
DA:172,0
DA:173,0
DA:175,0
DA:179,0
DA:180,0
DA:181,0
DA:182,0
DA:183,0
DA:185,0
DA:189,0
DA:190,0
DA:191,0
DA:194,0
DA:195,0
DA:197,0
DA:201,0
DA:202,0
DA:203,0
DA:206,0
DA:207,0
DA:214,0
DA:215,0
DA:216,0
DA:217,0
DA:218,0
DA:219,0
DA:221,0
DA:222,0
DA:225,0
DA:228,0
DA:229,0
DA:232,0
DA:233,0
DA:234,0
DA:235,0
DA:239,0
DA:240,0
DA:242,0
DA:243,0
DA:244,0
DA:246,0
DA:247,0
DA:248,0
DA:251,0
DA:252,0
DA:253,0
DA:254,0
DA:258,0
DA:259,0
DA:261,0
DA:262,0
DA:263,0
DA:265,0
DA:266,0
DA:267,0
DA:270,0
DA:271,0
DA:272,0
DA:273,0
DA:274,0
DA:275,0
DA:279,0
DA:281,0
DA:282,0
DA:283,0
DA:285,0
DA:286,0
DA:287,0
DA:290,0
DA:291,0
DA:292,0
DA:293,0
DA:294,0
DA:295,0
DA:299,0
DA:301,0
DA:302,0
DA:303,0
DA:305,0
DA:306,0
DA:307,0
DA:310,0
DA:311,0
DA:314,0
DA:315,0
DA:316,0
DA:320,0
DA:322,0
DA:323,0
DA:324,0
DA:325,0
DA:326,0
DA:331,0
DA:332,0
DA:335,0
DA:339,0
DA:340,0
DA:341,0
DA:345,0
DA:347,0
DA:348,0
DA:349,0
DA:350,0
DA:351,0
DA:354,0
DA:355,0
DA:358,0
DA:362,0
DA:363,0
DA:364,0
DA:368,0
DA:370,0
DA:371,0
DA:372,0
DA:373,0
DA:374,0
DA:377,0
DA:378,0
DA:381,0
DA:385,0
DA:386,0
DA:387,0
DA:391,0
DA:393,0
DA:394,0
DA:395,0
DA:396,0
DA:397,0
DA:402,0
DA:403,0
DA:404,0
DA:405,0
DA:409,0
DA:410,0
DA:411,0
DA:412,0
DA:416,0
DA:417,0
DA:418,0
DA:419,0
DA:423,0
DA:424,0
DA:425,0
DA:426,0
DA:430,0
DA:431,0
DA:432,0
DA:437,0
DA:439,0
DA:440,0
DA:441,0
DA:443,0
DA:444,0
DA:450,0
DA:451,0
DA:452,0
DA:455,0
DA:456,0
DA:457,0
DA:468,0
DA:470,0
DA:471,0
DA:473,0
DA:477,0
DA:483,0
DA:484,0
DA:485,0
DA:486,0
DA:489,0
DA:490,0
DA:491,0
DA:496,0
DA:497,0
DA:502,0
DA:506,0
DA:507,0
DA:510,0
DA:511,0
DA:514,0
DA:515,0
DA:516,0
DA:517,0
DA:518,0
DA:519,0
DA:520,0
DA:521,0
DA:523,0
DA:525,0
LF:273
LH:0
BRDA:339,0,0,0
BRDA:362,1,0,0
BRDA:385,2,0,0
BRDA:95,3,0,0
BRDA:95,4,0,0
BRDA:95,4,1,0
BRDA:95,5,0,0
BRDA:95,5,1,0
BRDA:100,6,0,0
BRDA:108,7,0,0
BRDA:117,8,0,0
BRDA:128,9,0,0
BRDA:139,10,0,0
BRDA:153,11,0,0
BRDA:170,12,0,0
BRDA:180,13,0,0
BRDA:190,14,0,0
BRDA:202,15,0,0
BRDA:216,16,0,0
BRDA:217,17,0,0
BRDA:217,17,1,0
BRDA:232,18,0,0
BRDA:233,19,0,0
BRDA:252,20,0,0
BRDA:271,21,0,0
BRDA:272,22,0,0
BRDA:291,23,0,0
BRDA:292,24,0,0
BRDA:314,25,0,0
BRDA:443,26,0,0
BRDA:463,27,0,0
BRDA:463,27,1,0
BRDA:463,28,0,0
BRDA:463,28,1,0
BRDA:470,29,0,0
BRDA:470,29,1,0
BRDA:470,30,0,0
BRDA:470,30,1,0
BRF:38
BRH:0
end_of_record
TN:
SF:src/main/webpack/components/PAN/shared/Imagem-Dinamica/Imagem-Dinamica.ts
FNF:0
FNH:0
DA:1,0
LF:1
LH:0
BRF:0
BRH:0
end_of_record
TN:
SF:src/main/webpack/components/PAN/shared/Mahoe-Alert/Mahoe-Alert.ts
FNF:0
FNH:0
DA:1,0
LF:1
LH:0
BRF:0
BRH:0
end_of_record
TN:
SF:src/main/webpack/components/PAN/shared/Mahoe-Badge/Mahoe-Badge.ts
FNF:0
FNH:0
DA:1,0
LF:1
LH:0
BRF:0
BRH:0
end_of_record
TN:
SF:src/main/webpack/components/PAN/shared/Passo-A-Passo-Vertical/Passo-A-Passo-Vertical.ts
FNF:0
FNH:0
DA:1,0
LF:1
LH:0
BRF:0
BRH:0
end_of_record
TN:
SF:src/main/webpack/components/componente-exemplo/componente-exemplo.js
FNF:0
FNH:0
DA:1,0
DA:3,0
LF:2
LH:0
BRF:0
BRH:0
end_of_record
